[06-Dec-2025 14:25:17 Asia/Manila] Scan process - Barcode Data: S/N:B2DO2402507635, Scanner: SC001
[06-Dec-2025 14:25:17 Asia/Manila] Barcode not found or user inactive: S/N:B2DO2402507635
[06-Dec-2025 14:26:25 Asia/Manila] Scan process - Barcode Data: S/N:B2DO2402507635, Scanner: SC001
[06-Dec-2025 14:26:25 Asia/Manila] Barcode not found or user inactive: S/N:B2DO2402507635
[06-Dec-2025 14:26:29 Asia/Manila] Scan process - Barcode Data: S/N:B2DO2402507635, Scanner: SC001
[06-Dec-2025 14:26:29 Asia/Manila] Barcode not found or user inactive: S/N:B2DO2402507635
[06-Dec-2025 14:28:02 Asia/Manila] Scan process - Barcode Data: S/N:B2DO2402507635, Scanner: SC001
[06-Dec-2025 14:28:02 Asia/Manila] Barcode not found or user inactive: S/N:B2DO2402507635
[06-Dec-2025 14:29:23 Asia/Manila] Scan process - Barcode Data: S/N:B2DO2402507635, Scanner: SC001
[06-Dec-2025 14:29:23 Asia/Manila] Barcode not found or user inactive: S/N:B2DO2402507635
[06-Dec-2025 14:30:20 Asia/Manila] Scan process - Barcode Data: S/N:B2DO2402507635, Scanner: SC001
[06-Dec-2025 14:30:20 Asia/Manila] Barcode not found or user inactive: S/N:B2DO2402507635
[06-Dec-2025 14:33:08 Asia/Manila] Scan process - Barcode Data: S/N:B2DO2402507635, Scanner: SC001
[06-Dec-2025 14:33:08 Asia/Manila] Barcode not found or user inactive: S/N:B2DO2402507635
[06-Dec-2025 14:33:15 Asia/Manila] Scan process - Barcode Data: S/N:B2DO2402507635, Scanner: SC001
[06-Dec-2025 14:33:15 Asia/Manila] Barcode not found or user inactive: S/N:B2DO2402507635
[06-Dec-2025 14:33:24 Asia/Manila] Scan process - Barcode Data: S/N:B2DO2402507635, Scanner: SC001
[06-Dec-2025 14:33:24 Asia/Manila] Barcode not found or user inactive: S/N:B2DO2402507635
[06-Dec-2025 14:33:38 Asia/Manila] Scan process - Barcode Data: S/N:B2DO2402507635, Scanner: SC001
[06-Dec-2025 14:33:38 Asia/Manila] Barcode not found or user inactive: S/N:B2DO2402507635
[06-Dec-2025 14:34:00 Asia/Manila] Scan process - Barcode Data: S/N:B2DO2402507635, Scanner: SC001
[06-Dec-2025 14:34:00 Asia/Manila] Barcode not found or user inactive: S/N:B2DO2402507635
[06-Dec-2025 14:34:25 Asia/Manila] Scan process - Barcode Data: 5590448208909179145, Scanner: SC001
[06-Dec-2025 14:34:25 Asia/Manila] Barcode not found or user inactive: 5590448208909179145
[06-Dec-2025 14:34:31 Asia/Manila] Scan process - Barcode Data: 5590448208909179145, Scanner: SC001
[06-Dec-2025 14:34:31 Asia/Manila] Barcode not found or user inactive: 5590448208909179145
[06-Dec-2025 14:34:42 Asia/Manila] Scan process - Barcode Data: 5590448208909179145, Scanner: SC001
[06-Dec-2025 14:34:42 Asia/Manila] Barcode not found or user inactive: 5590448208909179145
[06-Dec-2025 14:34:45 Asia/Manila] Scan process - Barcode Data: 5590448208909179145, Scanner: SC001
[06-Dec-2025 14:34:45 Asia/Manila] Barcode not found or user inactive: 5590448208909179145
[06-Dec-2025 14:34:48 Asia/Manila] Scan process - Barcode Data: S/N:B2DO2402507635, Scanner: SC001
[06-Dec-2025 14:34:48 Asia/Manila] Barcode not found or user inactive: S/N:B2DO2402507635
[06-Dec-2025 14:35:42 Asia/Manila] Scan process - Barcode Data: 5590448208909179145, Scanner: SC001
[06-Dec-2025 14:35:42 Asia/Manila] Barcode not found or user inactive: 5590448208909179145
[06-Dec-2025 14:35:46 Asia/Manila] Scan process - Barcode Data: 5590448208909179145, Scanner: SC001
[06-Dec-2025 14:35:46 Asia/Manila] Barcode not found or user inactive: 5590448208909179145
[06-Dec-2025 14:35:49 Asia/Manila] Scan process - Barcode Data: S/N:B2DO2402507635, Scanner: SC001
[06-Dec-2025 14:35:49 Asia/Manila] Barcode not found or user inactive: S/N:B2DO2402507635
[06-Dec-2025 14:36:24 Asia/Manila] Scan process - Barcode Data: 5590448208909179145, Scanner: SC001
[06-Dec-2025 14:36:24 Asia/Manila] Barcode not found or user inactive: 5590448208909179145
[06-Dec-2025 14:37:41 Asia/Manila] Scan process - Barcode Data: 5590448208909179145, Scanner: SC001
[06-Dec-2025 14:37:41 Asia/Manila] Barcode not found or user inactive: 5590448208909179145
[06-Dec-2025 14:37:47 Asia/Manila] Scan process - Barcode Data: 5590448208909179145, Scanner: SC001
[06-Dec-2025 14:37:47 Asia/Manila] Barcode not found or user inactive: 5590448208909179145
[06-Dec-2025 14:38:04 Asia/Manila] Scan process - Barcode Data: 5590448208909179145, Scanner: SC001
[06-Dec-2025 14:38:04 Asia/Manila] Barcode not found or user inactive: 5590448208909179145
[06-Dec-2025 14:39:32 Asia/Manila] Scan process - Barcode Data: 5590448208909179145, Scanner: SC001
[06-Dec-2025 14:39:32 Asia/Manila] Barcode not found or user inactive: 5590448208909179145
[06-Dec-2025 14:40:30 Asia/Manila] Scan process - Barcode Data: 5590448208909179145, Scanner: SC001
[06-Dec-2025 14:40:30 Asia/Manila] Barcode not found or user inactive: 5590448208909179145
[06-Dec-2025 14:40:52 Asia/Manila] Scan process - Barcode Data: 5590448208909179145, Scanner: SC001
[06-Dec-2025 14:40:52 Asia/Manila] Barcode not found or user inactive: 5590448208909179145
[06-Dec-2025 14:40:56 Asia/Manila] Scan process - Barcode Data: S/N:B2DO2402507635, Scanner: SC001
[06-Dec-2025 14:40:56 Asia/Manila] Barcode not found or user inactive: S/N:B2DO2402507635
[06-Dec-2025 14:51:10 Asia/Manila] Scan process - Barcode Data: 4800016022906, Scanner: SC002
[06-Dec-2025 14:51:10 Asia/Manila] Person found: {"StudentID":"4800016022906","StudentFName":"KAPE","StudentMName":"KAPE","StudentLName":"KAPE","Gender":"Male","BirthDate":"2001-02-14","Course":"BSIT","YearLvl":"2","Section":"B","Department":"COED","isActive":"1","IsEnroll":"1","image":"uploads\/students\/4800016022906_1765003819.jpeg","created_at":"2025-12-06 14:49:16","type":"student"}
[06-Dec-2025 14:51:10 Asia/Manila] Logging exit for 4800016022906 (student)
[06-Dec-2025 14:51:10 Asia/Manila] Exit recorded successfully for KAPE KAPE KAPE
[06-Dec-2025 14:51:18 Asia/Manila] Scan process - Barcode Data: 4800016022906, Scanner: SC002
[06-Dec-2025 14:51:18 Asia/Manila] Person found: {"StudentID":"4800016022906","StudentFName":"KAPE","StudentMName":"KAPE","StudentLName":"KAPE","Gender":"Male","BirthDate":"2001-02-14","Course":"BSIT","YearLvl":"2","Section":"B","Department":"COED","isActive":"1","IsEnroll":"1","image":"uploads\/students\/4800016022906_1765003819.jpeg","created_at":"2025-12-06 14:49:16","type":"student"}
[06-Dec-2025 14:51:18 Asia/Manila] Logging exit for 4800016022906 (student)
[06-Dec-2025 14:51:18 Asia/Manila] Exit recorded successfully for KAPE KAPE KAPE
[06-Dec-2025 14:54:26 Asia/Manila] Scan process - Barcode Data: 8996001414309, Scanner: SC002
[06-Dec-2025 14:54:26 Asia/Manila] Person found: {"StaffID":"8996001414309","StaffFName":"KOPI","StaffMName":"KOPI","StaffLName":"KOPI","Gender":"Female","BirthDate":"1992-12-06","Position":"BOXING","Department":"COED","isActive":"1","image":"uploads\/staff\/8996001414309_1765004029.jpg","created_at":"2025-12-06 14:53:49","updated_at":"2025-12-06 14:53:49","type":"staff"}
[06-Dec-2025 14:54:26 Asia/Manila] Logging exit for 8996001414309 (staff)
[06-Dec-2025 14:54:26 Asia/Manila] Exit recorded successfully for KOPI KOPI KOPI
[06-Dec-2025 14:54:44 Asia/Manila] Scan process - Barcode Data: 8996001414309, Scanner: SC001
[06-Dec-2025 14:54:44 Asia/Manila] Person found: {"StaffID":"8996001414309","StaffFName":"KOPI","StaffMName":"KOPI","StaffLName":"KOPI","Gender":"Female","BirthDate":"1992-12-06","Position":"BOXING","Department":"COED","isActive":"1","image":"uploads\/staff\/8996001414309_1765004029.jpg","created_at":"2025-12-06 14:53:49","updated_at":"2025-12-06 14:53:49","type":"staff"}
[06-Dec-2025 14:54:44 Asia/Manila] Logging entry for 8996001414309 (staff)
[06-Dec-2025 14:54:44 Asia/Manila] Entry recorded successfully for KOPI KOPI KOPI
[06-Dec-2025 14:55:35 Asia/Manila] Scan process - Barcode Data: 8996001414309, Scanner: SC001
[06-Dec-2025 14:55:35 Asia/Manila] Person found: {"StaffID":"8996001414309","StaffFName":"KOPI","StaffMName":"KOPI","StaffLName":"KOPI","Gender":"Female","BirthDate":"1992-12-06","Position":"BOXING","Department":"COED","isActive":"1","image":"uploads\/staff\/8996001414309_1765004029.jpg","created_at":"2025-12-06 14:53:49","updated_at":"2025-12-06 14:53:49","type":"staff"}
[06-Dec-2025 14:55:35 Asia/Manila] Logging entry for 8996001414309 (staff)
[06-Dec-2025 14:55:35 Asia/Manila] Entry recorded successfully for KOPI KOPI KOPI
[06-Dec-2025 14:55:39 Asia/Manila] Scan process - Barcode Data: 4800016022906, Scanner: SC001
[06-Dec-2025 14:55:39 Asia/Manila] Person found: {"StudentID":"4800016022906","StudentFName":"KAPE","StudentMName":"KAPE","StudentLName":"KAPE","Gender":"Male","BirthDate":"2001-02-14","Course":"BSIT","YearLvl":"2","Section":"B","Department":"COED","isActive":"1","IsEnroll":"1","image":"uploads\/students\/4800016022906_1765003819.jpeg","created_at":"2025-12-06 14:49:16","type":"student"}
[06-Dec-2025 14:55:39 Asia/Manila] Logging entry for 4800016022906 (student)
[06-Dec-2025 14:55:39 Asia/Manila] Entry recorded successfully for KAPE KAPE KAPE
[06-Dec-2025 14:55:58 Asia/Manila] Scan process - Barcode Data: 4800016022906, Scanner: SC001
[06-Dec-2025 14:55:58 Asia/Manila] Person found: {"StudentID":"4800016022906","StudentFName":"KAPE","StudentMName":"KAPE","StudentLName":"KAPE","Gender":"Male","BirthDate":"2001-02-14","Course":"BSIT","YearLvl":"2","Section":"B","Department":"COED","isActive":"1","IsEnroll":"1","image":"uploads\/students\/4800016022906_1765003819.jpeg","created_at":"2025-12-06 14:49:16","type":"student"}
[06-Dec-2025 14:55:58 Asia/Manila] Logging entry for 4800016022906 (student)
[06-Dec-2025 14:55:58 Asia/Manila] Entry recorded successfully for KAPE KAPE KAPE
[06-Dec-2025 14:56:35 Asia/Manila] Scan process - Barcode Data: 4800016022906, Scanner: SC001
[06-Dec-2025 14:56:35 Asia/Manila] Person found: {"StudentID":"4800016022906","StudentFName":"KAPE","StudentMName":"KAPE","StudentLName":"KAPE","Gender":"Male","BirthDate":"2001-02-14","Course":"BSIT","YearLvl":"2","Section":"B","Department":"COED","isActive":"1","IsEnroll":"1","image":"uploads\/students\/4800016022906_1765003819.jpeg","created_at":"2025-12-06 14:49:16","type":"student"}
[06-Dec-2025 14:56:35 Asia/Manila] Logging entry for 4800016022906 (student)
[06-Dec-2025 14:56:35 Asia/Manila] Entry recorded successfully for KAPE KAPE KAPE
[06-Dec-2025 14:56:44 Asia/Manila] Scan process - Barcode Data: 8221183, Scanner: SC001
[06-Dec-2025 14:56:44 Asia/Manila] Person found: {"StudentID":"8221183","StudentFName":"Deonan Leo","StudentMName":"D.","StudentLName":"Baslan","Gender":"Male","BirthDate":"2002-10-11","Course":"BSIT","YearLvl":"4","Section":"B","Department":"COTE","isActive":"1","IsEnroll":"1","image":"uploads\/students\/8221183_1764947214.jpg","created_at":"2025-11-15 00:04:51","type":"student"}
[06-Dec-2025 14:56:44 Asia/Manila] Logging entry for 8221183 (student)
[06-Dec-2025 14:56:44 Asia/Manila] Entry recorded successfully for Deonan Leo D. Baslan
[06-Dec-2025 14:57:31 Asia/Manila] Scan process - Barcode Data: 4800016022906, Scanner: SC001
[06-Dec-2025 14:57:31 Asia/Manila] Person found: {"StudentID":"4800016022906","StudentFName":"KAPE","StudentMName":"KAPE","StudentLName":"KAPE","Gender":"Male","BirthDate":"2001-02-14","Course":"BSIT","YearLvl":"2","Section":"B","Department":"COED","isActive":"1","IsEnroll":"1","image":"uploads\/students\/4800016022906_1765003819.jpeg","created_at":"2025-12-06 14:49:16","type":"student"}
[06-Dec-2025 14:57:31 Asia/Manila] Logging entry for 4800016022906 (student)
[06-Dec-2025 14:57:31 Asia/Manila] Entry recorded successfully for KAPE KAPE KAPE
[06-Dec-2025 14:57:34 Asia/Manila] Scan process - Barcode Data: 4800016022906, Scanner: SC001
[06-Dec-2025 14:57:34 Asia/Manila] Person found: {"StudentID":"4800016022906","StudentFName":"KAPE","StudentMName":"KAPE","StudentLName":"KAPE","Gender":"Male","BirthDate":"2001-02-14","Course":"BSIT","YearLvl":"2","Section":"B","Department":"COED","isActive":"1","IsEnroll":"1","image":"uploads\/students\/4800016022906_1765003819.jpeg","created_at":"2025-12-06 14:49:16","type":"student"}
[06-Dec-2025 14:57:34 Asia/Manila] Logging entry for 4800016022906 (student)
[06-Dec-2025 14:57:34 Asia/Manila] Entry recorded successfully for KAPE KAPE KAPE
[06-Dec-2025 14:58:33 Asia/Manila] Scan process - Barcode Data: 4800016022906, Scanner: SC001
[06-Dec-2025 14:58:33 Asia/Manila] Person found: {"StudentID":"4800016022906","StudentFName":"KAPE","StudentMName":"KAPE","StudentLName":"KAPE","Gender":"Male","BirthDate":"2001-02-14","Course":"BSIT","YearLvl":"2","Section":"B","Department":"COED","isActive":"1","IsEnroll":"1","image":"uploads\/students\/4800016022906_1765003819.jpeg","created_at":"2025-12-06 14:49:16","type":"student"}
[06-Dec-2025 14:58:33 Asia/Manila] Logging entry for 4800016022906 (student)
[06-Dec-2025 14:58:33 Asia/Manila] Entry recorded successfully for KAPE KAPE KAPE
[06-Dec-2025 14:58:55 Asia/Manila] Scan process - Barcode Data: 4800016022906, Scanner: SC002
[06-Dec-2025 14:58:55 Asia/Manila] Person found: {"StudentID":"4800016022906","StudentFName":"KAPE","StudentMName":"KAPE","StudentLName":"KAPE","Gender":"Male","BirthDate":"2001-02-14","Course":"BSIT","YearLvl":"2","Section":"B","Department":"COED","isActive":"1","IsEnroll":"1","image":"uploads\/students\/4800016022906_1765003819.jpeg","created_at":"2025-12-06 14:49:16","type":"student"}
[06-Dec-2025 14:58:55 Asia/Manila] Logging exit for 4800016022906 (student)
[06-Dec-2025 14:58:55 Asia/Manila] Exit recorded successfully for KAPE KAPE KAPE
[06-Dec-2025 14:59:09 Asia/Manila] Scan process - Barcode Data: 4800016022906, Scanner: SC002
[06-Dec-2025 14:59:09 Asia/Manila] Person found: {"StudentID":"4800016022906","StudentFName":"KAPE","StudentMName":"KAPE","StudentLName":"KAPE","Gender":"Male","BirthDate":"2001-02-14","Course":"BSIT","YearLvl":"2","Section":"B","Department":"COED","isActive":"1","IsEnroll":"1","image":"uploads\/students\/4800016022906_1765003819.jpeg","created_at":"2025-12-06 14:49:16","type":"student"}
[06-Dec-2025 14:59:09 Asia/Manila] Logging exit for 4800016022906 (student)
[06-Dec-2025 14:59:09 Asia/Manila] Exit recorded successfully for KAPE KAPE KAPE
[06-Dec-2025 14:59:23 Asia/Manila] Scan process - Barcode Data: 4800016022906, Scanner: SC002
[06-Dec-2025 14:59:23 Asia/Manila] Person found: {"StudentID":"4800016022906","StudentFName":"KAPE","StudentMName":"KAPE","StudentLName":"KAPE","Gender":"Male","BirthDate":"2001-02-14","Course":"BSIT","YearLvl":"2","Section":"B","Department":"COED","isActive":"1","IsEnroll":"1","image":"uploads\/students\/4800016022906_1765003819.jpeg","created_at":"2025-12-06 14:49:16","type":"student"}
[06-Dec-2025 14:59:23 Asia/Manila] Logging exit for 4800016022906 (student)
[06-Dec-2025 14:59:23 Asia/Manila] Exit recorded successfully for KAPE KAPE KAPE
[06-Dec-2025 14:59:27 Asia/Manila] Scan process - Barcode Data: 4800016022906, Scanner: SC002
[06-Dec-2025 14:59:27 Asia/Manila] Person found: {"StudentID":"4800016022906","StudentFName":"KAPE","StudentMName":"KAPE","StudentLName":"KAPE","Gender":"Male","BirthDate":"2001-02-14","Course":"BSIT","YearLvl":"2","Section":"B","Department":"COED","isActive":"1","IsEnroll":"1","image":"uploads\/students\/4800016022906_1765003819.jpeg","created_at":"2025-12-06 14:49:16","type":"student"}
[06-Dec-2025 14:59:27 Asia/Manila] Logging exit for 4800016022906 (student)
[06-Dec-2025 14:59:27 Asia/Manila] Exit recorded successfully for KAPE KAPE KAPE
[06-Dec-2025 14:59:42 Asia/Manila] Scan process - Barcode Data: 4800016022906, Scanner: SC002
[06-Dec-2025 14:59:42 Asia/Manila] Person found: {"StudentID":"4800016022906","StudentFName":"KAPE","StudentMName":"KAPE","StudentLName":"KAPE","Gender":"Male","BirthDate":"2001-02-14","Course":"BSIT","YearLvl":"2","Section":"B","Department":"COED","isActive":"1","IsEnroll":"1","image":"uploads\/students\/4800016022906_1765003819.jpeg","created_at":"2025-12-06 14:49:16","type":"student"}
[06-Dec-2025 14:59:42 Asia/Manila] Logging exit for 4800016022906 (student)
[06-Dec-2025 14:59:42 Asia/Manila] Exit recorded successfully for KAPE KAPE KAPE
[06-Dec-2025 14:59:57 Asia/Manila] Scan process - Barcode Data: 4800016022906, Scanner: SC002
[06-Dec-2025 14:59:57 Asia/Manila] Person found: {"StudentID":"4800016022906","StudentFName":"KAPE","StudentMName":"KAPE","StudentLName":"KAPE","Gender":"Male","BirthDate":"2001-02-14","Course":"BSIT","YearLvl":"2","Section":"B","Department":"COED","isActive":"1","IsEnroll":"1","image":"uploads\/students\/4800016022906_1765003819.jpeg","created_at":"2025-12-06 14:49:16","type":"student"}
[06-Dec-2025 14:59:57 Asia/Manila] Logging exit for 4800016022906 (student)
[06-Dec-2025 14:59:57 Asia/Manila] Exit recorded successfully for KAPE KAPE KAPE
[06-Dec-2025 15:00:06 Asia/Manila] Scan process - Barcode Data: 4800016022906, Scanner: SC001
[06-Dec-2025 15:00:06 Asia/Manila] Person found: {"StudentID":"4800016022906","StudentFName":"KAPE","StudentMName":"KAPE","StudentLName":"KAPE","Gender":"Male","BirthDate":"2001-02-14","Course":"BSIT","YearLvl":"2","Section":"B","Department":"COED","isActive":"1","IsEnroll":"1","image":"uploads\/students\/4800016022906_1765003819.jpeg","created_at":"2025-12-06 14:49:16","type":"student"}
[06-Dec-2025 15:00:06 Asia/Manila] Logging entry for 4800016022906 (student)
[06-Dec-2025 15:00:06 Asia/Manila] Entry recorded successfully for KAPE KAPE KAPE
[06-Dec-2025 15:00:10 Asia/Manila] Scan process - Barcode Data: 8996001414309, Scanner: SC001
[06-Dec-2025 15:00:10 Asia/Manila] Person found: {"StaffID":"8996001414309","StaffFName":"KOPI","StaffMName":"KOPI","StaffLName":"KOPI","Gender":"Female","BirthDate":"1992-12-06","Position":"BOXING","Department":"COED","isActive":"1","image":"uploads\/staff\/8996001414309_1765004029.jpg","created_at":"2025-12-06 14:53:49","updated_at":"2025-12-06 14:53:49","type":"staff"}
[06-Dec-2025 15:00:10 Asia/Manila] Logging entry for 8996001414309 (staff)
[06-Dec-2025 15:00:10 Asia/Manila] Entry recorded successfully for KOPI KOPI KOPI
[06-Dec-2025 15:00:52 Asia/Manila] Scan process - Barcode Data: 5590448208909179145, Scanner: SC001
[06-Dec-2025 15:00:52 Asia/Manila] Barcode not found or user inactive: 5590448208909179145
[06-Dec-2025 15:01:08 Asia/Manila] Scan process - Barcode Data: 4800016022906, Scanner: SC001
[06-Dec-2025 15:01:08 Asia/Manila] Person found: {"StudentID":"4800016022906","StudentFName":"KAPE","StudentMName":"KAPE","StudentLName":"KAPE","Gender":"Male","BirthDate":"2001-02-14","Course":"BSIT","YearLvl":"2","Section":"B","Department":"COED","isActive":"1","IsEnroll":"1","image":"uploads\/students\/4800016022906_1765003819.jpeg","created_at":"2025-12-06 14:49:16","type":"student"}
[06-Dec-2025 15:01:08 Asia/Manila] Logging entry for 4800016022906 (student)
[06-Dec-2025 15:01:08 Asia/Manila] Entry recorded successfully for KAPE KAPE KAPE
[06-Dec-2025 15:01:13 Asia/Manila] Scan process - Barcode Data: 4800016022906, Scanner: SC001
[06-Dec-2025 15:01:13 Asia/Manila] Person found: {"StudentID":"4800016022906","StudentFName":"KAPE","StudentMName":"KAPE","StudentLName":"KAPE","Gender":"Male","BirthDate":"2001-02-14","Course":"BSIT","YearLvl":"2","Section":"B","Department":"COED","isActive":"1","IsEnroll":"1","image":"uploads\/students\/4800016022906_1765003819.jpeg","created_at":"2025-12-06 14:49:16","type":"student"}
[06-Dec-2025 15:01:13 Asia/Manila] Logging entry for 4800016022906 (student)
[06-Dec-2025 15:01:13 Asia/Manila] Entry recorded successfully for KAPE KAPE KAPE
[06-Dec-2025 15:01:14 Asia/Manila] Scan process - Barcode Data: 4800016022906, Scanner: SC001
[06-Dec-2025 15:01:14 Asia/Manila] Person found: {"StudentID":"4800016022906","StudentFName":"KAPE","StudentMName":"KAPE","StudentLName":"KAPE","Gender":"Male","BirthDate":"2001-02-14","Course":"BSIT","YearLvl":"2","Section":"B","Department":"COED","isActive":"1","IsEnroll":"1","image":"uploads\/students\/4800016022906_1765003819.jpeg","created_at":"2025-12-06 14:49:16","type":"student"}
[06-Dec-2025 15:01:14 Asia/Manila] Logging entry for 4800016022906 (student)
[06-Dec-2025 15:01:14 Asia/Manila] Entry recorded successfully for KAPE KAPE KAPE
[06-Dec-2025 15:01:18 Asia/Manila] Scan process - Barcode Data: 4800016022906, Scanner: SC001
[06-Dec-2025 15:01:18 Asia/Manila] Person found: {"StudentID":"4800016022906","StudentFName":"KAPE","StudentMName":"KAPE","StudentLName":"KAPE","Gender":"Male","BirthDate":"2001-02-14","Course":"BSIT","YearLvl":"2","Section":"B","Department":"COED","isActive":"1","IsEnroll":"1","image":"uploads\/students\/4800016022906_1765003819.jpeg","created_at":"2025-12-06 14:49:16","type":"student"}
[06-Dec-2025 15:01:18 Asia/Manila] Logging entry for 4800016022906 (student)
[06-Dec-2025 15:01:18 Asia/Manila] Entry recorded successfully for KAPE KAPE KAPE
[06-Dec-2025 15:01:23 Asia/Manila] Scan process - Barcode Data: 4800016022906, Scanner: SC001
[06-Dec-2025 15:01:23 Asia/Manila] Person found: {"StudentID":"4800016022906","StudentFName":"KAPE","StudentMName":"KAPE","StudentLName":"KAPE","Gender":"Male","BirthDate":"2001-02-14","Course":"BSIT","YearLvl":"2","Section":"B","Department":"COED","isActive":"1","IsEnroll":"1","image":"uploads\/students\/4800016022906_1765003819.jpeg","created_at":"2025-12-06 14:49:16","type":"student"}
[06-Dec-2025 15:01:23 Asia/Manila] Logging entry for 4800016022906 (student)
[06-Dec-2025 15:01:23 Asia/Manila] Entry recorded successfully for KAPE KAPE KAPE
[06-Dec-2025 15:01:24 Asia/Manila] Scan process - Barcode Data: 4800016022906, Scanner: SC001
[06-Dec-2025 15:01:24 Asia/Manila] Person found: {"StudentID":"4800016022906","StudentFName":"KAPE","StudentMName":"KAPE","StudentLName":"KAPE","Gender":"Male","BirthDate":"2001-02-14","Course":"BSIT","YearLvl":"2","Section":"B","Department":"COED","isActive":"1","IsEnroll":"1","image":"uploads\/students\/4800016022906_1765003819.jpeg","created_at":"2025-12-06 14:49:16","type":"student"}
[06-Dec-2025 15:01:24 Asia/Manila] Logging entry for 4800016022906 (student)
[06-Dec-2025 15:01:24 Asia/Manila] Entry recorded successfully for KAPE KAPE KAPE
[06-Dec-2025 15:01:26 Asia/Manila] Scan process - Barcode Data: 4800016022906, Scanner: SC001
[06-Dec-2025 15:01:26 Asia/Manila] Person found: {"StudentID":"4800016022906","StudentFName":"KAPE","StudentMName":"KAPE","StudentLName":"KAPE","Gender":"Male","BirthDate":"2001-02-14","Course":"BSIT","YearLvl":"2","Section":"B","Department":"COED","isActive":"1","IsEnroll":"1","image":"uploads\/students\/4800016022906_1765003819.jpeg","created_at":"2025-12-06 14:49:16","type":"student"}
[06-Dec-2025 15:01:26 Asia/Manila] Logging entry for 4800016022906 (student)
[06-Dec-2025 15:01:26 Asia/Manila] Entry recorded successfully for KAPE KAPE KAPE
[06-Dec-2025 15:01:33 Asia/Manila] Scan process - Barcode Data: 4800016022906, Scanner: SC001
[06-Dec-2025 15:01:33 Asia/Manila] Person found: {"StudentID":"4800016022906","StudentFName":"KAPE","StudentMName":"KAPE","StudentLName":"KAPE","Gender":"Male","BirthDate":"2001-02-14","Course":"BSIT","YearLvl":"2","Section":"B","Department":"COED","isActive":"1","IsEnroll":"1","image":"uploads\/students\/4800016022906_1765003819.jpeg","created_at":"2025-12-06 14:49:16","type":"student"}
[06-Dec-2025 15:01:33 Asia/Manila] Logging entry for 4800016022906 (student)
[06-Dec-2025 15:01:33 Asia/Manila] Entry recorded successfully for KAPE KAPE KAPE
[06-Dec-2025 15:01:34 Asia/Manila] Scan process - Barcode Data: 8996001414309, Scanner: SC001
[06-Dec-2025 15:01:34 Asia/Manila] Person found: {"StaffID":"8996001414309","StaffFName":"KOPI","StaffMName":"KOPI","StaffLName":"KOPI","Gender":"Female","BirthDate":"1992-12-06","Position":"BOXING","Department":"COED","isActive":"1","image":"uploads\/staff\/8996001414309_1765004029.jpg","created_at":"2025-12-06 14:53:49","updated_at":"2025-12-06 14:53:49","type":"staff"}
[06-Dec-2025 15:01:34 Asia/Manila] Logging entry for 8996001414309 (staff)
[06-Dec-2025 15:01:34 Asia/Manila] Entry recorded successfully for KOPI KOPI KOPI
[06-Dec-2025 15:01:38 Asia/Manila] Scan process - Barcode Data: 4800016022906, Scanner: SC001
[06-Dec-2025 15:01:38 Asia/Manila] Person found: {"StudentID":"4800016022906","StudentFName":"KAPE","StudentMName":"KAPE","StudentLName":"KAPE","Gender":"Male","BirthDate":"2001-02-14","Course":"BSIT","YearLvl":"2","Section":"B","Department":"COED","isActive":"1","IsEnroll":"1","image":"uploads\/students\/4800016022906_1765003819.jpeg","created_at":"2025-12-06 14:49:16","type":"student"}
[06-Dec-2025 15:01:38 Asia/Manila] Logging entry for 4800016022906 (student)
[06-Dec-2025 15:01:38 Asia/Manila] Entry recorded successfully for KAPE KAPE KAPE
[06-Dec-2025 15:01:39 Asia/Manila] Scan process - Barcode Data: 8996001414309, Scanner: SC001
[06-Dec-2025 15:01:39 Asia/Manila] Person found: {"StaffID":"8996001414309","StaffFName":"KOPI","StaffMName":"KOPI","StaffLName":"KOPI","Gender":"Female","BirthDate":"1992-12-06","Position":"BOXING","Department":"COED","isActive":"1","image":"uploads\/staff\/8996001414309_1765004029.jpg","created_at":"2025-12-06 14:53:49","updated_at":"2025-12-06 14:53:49","type":"staff"}
[06-Dec-2025 15:01:39 Asia/Manila] Logging entry for 8996001414309 (staff)
[06-Dec-2025 15:01:39 Asia/Manila] Entry recorded successfully for KOPI KOPI KOPI
[06-Dec-2025 15:01:40 Asia/Manila] Scan process - Barcode Data: 4800016022906, Scanner: SC001
[06-Dec-2025 15:01:40 Asia/Manila] Person found: {"StudentID":"4800016022906","StudentFName":"KAPE","StudentMName":"KAPE","StudentLName":"KAPE","Gender":"Male","BirthDate":"2001-02-14","Course":"BSIT","YearLvl":"2","Section":"B","Department":"COED","isActive":"1","IsEnroll":"1","image":"uploads\/students\/4800016022906_1765003819.jpeg","created_at":"2025-12-06 14:49:16","type":"student"}
[06-Dec-2025 15:01:40 Asia/Manila] Logging entry for 4800016022906 (student)
[06-Dec-2025 15:01:40 Asia/Manila] Entry recorded successfully for KAPE KAPE KAPE
[06-Dec-2025 15:01:40 Asia/Manila] Scan process - Barcode Data: 8996001414309, Scanner: SC001
[06-Dec-2025 15:01:40 Asia/Manila] Person found: {"StaffID":"8996001414309","StaffFName":"KOPI","StaffMName":"KOPI","StaffLName":"KOPI","Gender":"Female","BirthDate":"1992-12-06","Position":"BOXING","Department":"COED","isActive":"1","image":"uploads\/staff\/8996001414309_1765004029.jpg","created_at":"2025-12-06 14:53:49","updated_at":"2025-12-06 14:53:49","type":"staff"}
[06-Dec-2025 15:01:40 Asia/Manila] Logging entry for 8996001414309 (staff)
[06-Dec-2025 15:01:40 Asia/Manila] Entry recorded successfully for KOPI KOPI KOPI
[06-Dec-2025 15:01:41 Asia/Manila] Scan process - Barcode Data: 4800016022906, Scanner: SC001
[06-Dec-2025 15:01:41 Asia/Manila] Person found: {"StudentID":"4800016022906","StudentFName":"KAPE","StudentMName":"KAPE","StudentLName":"KAPE","Gender":"Male","BirthDate":"2001-02-14","Course":"BSIT","YearLvl":"2","Section":"B","Department":"COED","isActive":"1","IsEnroll":"1","image":"uploads\/students\/4800016022906_1765003819.jpeg","created_at":"2025-12-06 14:49:16","type":"student"}
[06-Dec-2025 15:01:41 Asia/Manila] Logging entry for 4800016022906 (student)
[06-Dec-2025 15:01:41 Asia/Manila] Entry recorded successfully for KAPE KAPE KAPE
[06-Dec-2025 15:01:43 Asia/Manila] Scan process - Barcode Data: 8996001414309, Scanner: SC001
[06-Dec-2025 15:01:43 Asia/Manila] Person found: {"StaffID":"8996001414309","StaffFName":"KOPI","StaffMName":"KOPI","StaffLName":"KOPI","Gender":"Female","BirthDate":"1992-12-06","Position":"BOXING","Department":"COED","isActive":"1","image":"uploads\/staff\/8996001414309_1765004029.jpg","created_at":"2025-12-06 14:53:49","updated_at":"2025-12-06 14:53:49","type":"staff"}
[06-Dec-2025 15:01:43 Asia/Manila] Logging entry for 8996001414309 (staff)
[06-Dec-2025 15:01:43 Asia/Manila] Entry recorded successfully for KOPI KOPI KOPI
[06-Dec-2025 15:01:44 Asia/Manila] Scan process - Barcode Data: 4800016022906, Scanner: SC001
[06-Dec-2025 15:01:44 Asia/Manila] Person found: {"StudentID":"4800016022906","StudentFName":"KAPE","StudentMName":"KAPE","StudentLName":"KAPE","Gender":"Male","BirthDate":"2001-02-14","Course":"BSIT","YearLvl":"2","Section":"B","Department":"COED","isActive":"1","IsEnroll":"1","image":"uploads\/students\/4800016022906_1765003819.jpeg","created_at":"2025-12-06 14:49:16","type":"student"}
[06-Dec-2025 15:01:44 Asia/Manila] Logging entry for 4800016022906 (student)
[06-Dec-2025 15:01:44 Asia/Manila] Entry recorded successfully for KAPE KAPE KAPE
[06-Dec-2025 15:01:44 Asia/Manila] Scan process - Barcode Data: 8996001414309, Scanner: SC001
[06-Dec-2025 15:01:44 Asia/Manila] Person found: {"StaffID":"8996001414309","StaffFName":"KOPI","StaffMName":"KOPI","StaffLName":"KOPI","Gender":"Female","BirthDate":"1992-12-06","Position":"BOXING","Department":"COED","isActive":"1","image":"uploads\/staff\/8996001414309_1765004029.jpg","created_at":"2025-12-06 14:53:49","updated_at":"2025-12-06 14:53:49","type":"staff"}
[06-Dec-2025 15:01:44 Asia/Manila] Logging entry for 8996001414309 (staff)
[06-Dec-2025 15:01:44 Asia/Manila] Entry recorded successfully for KOPI KOPI KOPI
[06-Dec-2025 15:01:46 Asia/Manila] Scan process - Barcode Data: 4800016022906, Scanner: SC001
[06-Dec-2025 15:01:46 Asia/Manila] Person found: {"StudentID":"4800016022906","StudentFName":"KAPE","StudentMName":"KAPE","StudentLName":"KAPE","Gender":"Male","BirthDate":"2001-02-14","Course":"BSIT","YearLvl":"2","Section":"B","Department":"COED","isActive":"1","IsEnroll":"1","image":"uploads\/students\/4800016022906_1765003819.jpeg","created_at":"2025-12-06 14:49:16","type":"student"}
[06-Dec-2025 15:01:46 Asia/Manila] Logging entry for 4800016022906 (student)
[06-Dec-2025 15:01:46 Asia/Manila] Entry recorded successfully for KAPE KAPE KAPE
[06-Dec-2025 15:01:47 Asia/Manila] Scan process - Barcode Data: 8996001414309, Scanner: SC001
[06-Dec-2025 15:01:47 Asia/Manila] Person found: {"StaffID":"8996001414309","StaffFName":"KOPI","StaffMName":"KOPI","StaffLName":"KOPI","Gender":"Female","BirthDate":"1992-12-06","Position":"BOXING","Department":"COED","isActive":"1","image":"uploads\/staff\/8996001414309_1765004029.jpg","created_at":"2025-12-06 14:53:49","updated_at":"2025-12-06 14:53:49","type":"staff"}
[06-Dec-2025 15:01:47 Asia/Manila] Logging entry for 8996001414309 (staff)
[06-Dec-2025 15:01:47 Asia/Manila] Entry recorded successfully for KOPI KOPI KOPI
[06-Dec-2025 15:01:48 Asia/Manila] Scan process - Barcode Data: 4800016022906, Scanner: SC001
[06-Dec-2025 15:01:48 Asia/Manila] Person found: {"StudentID":"4800016022906","StudentFName":"KAPE","StudentMName":"KAPE","StudentLName":"KAPE","Gender":"Male","BirthDate":"2001-02-14","Course":"BSIT","YearLvl":"2","Section":"B","Department":"COED","isActive":"1","IsEnroll":"1","image":"uploads\/students\/4800016022906_1765003819.jpeg","created_at":"2025-12-06 14:49:16","type":"student"}
[06-Dec-2025 15:01:48 Asia/Manila] Logging entry for 4800016022906 (student)
[06-Dec-2025 15:01:48 Asia/Manila] Entry recorded successfully for KAPE KAPE KAPE
[06-Dec-2025 15:01:49 Asia/Manila] Scan process - Barcode Data: 8996001414309, Scanner: SC001
[06-Dec-2025 15:01:49 Asia/Manila] Person found: {"StaffID":"8996001414309","StaffFName":"KOPI","StaffMName":"KOPI","StaffLName":"KOPI","Gender":"Female","BirthDate":"1992-12-06","Position":"BOXING","Department":"COED","isActive":"1","image":"uploads\/staff\/8996001414309_1765004029.jpg","created_at":"2025-12-06 14:53:49","updated_at":"2025-12-06 14:53:49","type":"staff"}
[06-Dec-2025 15:01:49 Asia/Manila] Logging entry for 8996001414309 (staff)
[06-Dec-2025 15:01:49 Asia/Manila] Entry recorded successfully for KOPI KOPI KOPI
[06-Dec-2025 15:01:51 Asia/Manila] Scan process - Barcode Data: 4800016022906, Scanner: SC001
[06-Dec-2025 15:01:51 Asia/Manila] Person found: {"StudentID":"4800016022906","StudentFName":"KAPE","StudentMName":"KAPE","StudentLName":"KAPE","Gender":"Male","BirthDate":"2001-02-14","Course":"BSIT","YearLvl":"2","Section":"B","Department":"COED","isActive":"1","IsEnroll":"1","image":"uploads\/students\/4800016022906_1765003819.jpeg","created_at":"2025-12-06 14:49:16","type":"student"}
[06-Dec-2025 15:01:51 Asia/Manila] Logging entry for 4800016022906 (student)
[06-Dec-2025 15:01:51 Asia/Manila] Entry recorded successfully for KAPE KAPE KAPE
[06-Dec-2025 15:01:52 Asia/Manila] Scan process - Barcode Data: 8996001414309, Scanner: SC001
[06-Dec-2025 15:01:52 Asia/Manila] Person found: {"StaffID":"8996001414309","StaffFName":"KOPI","StaffMName":"KOPI","StaffLName":"KOPI","Gender":"Female","BirthDate":"1992-12-06","Position":"BOXING","Department":"COED","isActive":"1","image":"uploads\/staff\/8996001414309_1765004029.jpg","created_at":"2025-12-06 14:53:49","updated_at":"2025-12-06 14:53:49","type":"staff"}
[06-Dec-2025 15:01:52 Asia/Manila] Logging entry for 8996001414309 (staff)
[06-Dec-2025 15:01:52 Asia/Manila] Entry recorded successfully for KOPI KOPI KOPI
[06-Dec-2025 15:01:54 Asia/Manila] Scan process - Barcode Data: 4800016022906, Scanner: SC001
[06-Dec-2025 15:01:54 Asia/Manila] Person found: {"StudentID":"4800016022906","StudentFName":"KAPE","StudentMName":"KAPE","StudentLName":"KAPE","Gender":"Male","BirthDate":"2001-02-14","Course":"BSIT","YearLvl":"2","Section":"B","Department":"COED","isActive":"1","IsEnroll":"1","image":"uploads\/students\/4800016022906_1765003819.jpeg","created_at":"2025-12-06 14:49:16","type":"student"}
[06-Dec-2025 15:01:54 Asia/Manila] Logging entry for 4800016022906 (student)
[06-Dec-2025 15:01:54 Asia/Manila] Entry recorded successfully for KAPE KAPE KAPE
[06-Dec-2025 15:06:37 Asia/Manila] Scan process - Barcode Data: 8996001414309, Scanner: SC001
[06-Dec-2025 15:06:37 Asia/Manila] Person found: {"StaffID":"8996001414309","StaffFName":"KOPI","StaffMName":"KOPI","StaffLName":"KOPI","Gender":"Female","BirthDate":"1992-12-06","Position":"BOXING","Department":"COED","isActive":"1","image":"uploads\/staff\/8996001414309_1765004029.jpg","created_at":"2025-12-06 14:53:49","updated_at":"2025-12-06 14:53:49","type":"staff"}
[06-Dec-2025 15:06:37 Asia/Manila] Logging entry for 8996001414309 (staff)
[06-Dec-2025 15:06:37 Asia/Manila] Entry recorded successfully for KOPI KOPI KOPI
[06-Dec-2025 15:06:38 Asia/Manila] Scan process - Barcode Data: 4800016022906, Scanner: SC001
[06-Dec-2025 15:06:38 Asia/Manila] Person found: {"StudentID":"4800016022906","StudentFName":"KAPE","StudentMName":"KAPE","StudentLName":"KAPE","Gender":"Male","BirthDate":"2001-02-14","Course":"BSIT","YearLvl":"2","Section":"B","Department":"COED","isActive":"1","IsEnroll":"1","image":"uploads\/students\/4800016022906_1765003819.jpeg","created_at":"2025-12-06 14:49:16","type":"student"}
[06-Dec-2025 15:06:39 Asia/Manila] Logging entry for 4800016022906 (student)
[06-Dec-2025 15:06:39 Asia/Manila] Entry recorded successfully for KAPE KAPE KAPE
[06-Dec-2025 15:06:39 Asia/Manila] Scan process - Barcode Data: 8996001414309, Scanner: SC001
[06-Dec-2025 15:06:39 Asia/Manila] Person found: {"StaffID":"8996001414309","StaffFName":"KOPI","StaffMName":"KOPI","StaffLName":"KOPI","Gender":"Female","BirthDate":"1992-12-06","Position":"BOXING","Department":"COED","isActive":"1","image":"uploads\/staff\/8996001414309_1765004029.jpg","created_at":"2025-12-06 14:53:49","updated_at":"2025-12-06 14:53:49","type":"staff"}
[06-Dec-2025 15:06:39 Asia/Manila] Logging entry for 8996001414309 (staff)
[06-Dec-2025 15:06:39 Asia/Manila] Entry recorded successfully for KOPI KOPI KOPI
[06-Dec-2025 15:06:40 Asia/Manila] Scan process - Barcode Data: 4800016022906, Scanner: SC001
[06-Dec-2025 15:06:40 Asia/Manila] Person found: {"StudentID":"4800016022906","StudentFName":"KAPE","StudentMName":"KAPE","StudentLName":"KAPE","Gender":"Male","BirthDate":"2001-02-14","Course":"BSIT","YearLvl":"2","Section":"B","Department":"COED","isActive":"1","IsEnroll":"1","image":"uploads\/students\/4800016022906_1765003819.jpeg","created_at":"2025-12-06 14:49:16","type":"student"}
[06-Dec-2025 15:06:40 Asia/Manila] Logging entry for 4800016022906 (student)
[06-Dec-2025 15:06:40 Asia/Manila] Entry recorded successfully for KAPE KAPE KAPE
[06-Dec-2025 15:06:44 Asia/Manila] Scan process - Barcode Data: 4800016022906, Scanner: SC001
[06-Dec-2025 15:06:44 Asia/Manila] Person found: {"StudentID":"4800016022906","StudentFName":"KAPE","StudentMName":"KAPE","StudentLName":"KAPE","Gender":"Male","BirthDate":"2001-02-14","Course":"BSIT","YearLvl":"2","Section":"B","Department":"COED","isActive":"1","IsEnroll":"1","image":"uploads\/students\/4800016022906_1765003819.jpeg","created_at":"2025-12-06 14:49:16","type":"student"}
[06-Dec-2025 15:06:44 Asia/Manila] Logging entry for 4800016022906 (student)
[06-Dec-2025 15:06:44 Asia/Manila] Entry recorded successfully for KAPE KAPE KAPE
[06-Dec-2025 15:06:49 Asia/Manila] Scan process - Barcode Data: 8996001414309, Scanner: SC001
[06-Dec-2025 15:06:49 Asia/Manila] Person found: {"StaffID":"8996001414309","StaffFName":"KOPI","StaffMName":"KOPI","StaffLName":"KOPI","Gender":"Female","BirthDate":"1992-12-06","Position":"BOXING","Department":"COED","isActive":"1","image":"uploads\/staff\/8996001414309_1765004029.jpg","created_at":"2025-12-06 14:53:49","updated_at":"2025-12-06 14:53:49","type":"staff"}
[06-Dec-2025 15:06:49 Asia/Manila] Logging entry for 8996001414309 (staff)
[06-Dec-2025 15:06:49 Asia/Manila] Entry recorded successfully for KOPI KOPI KOPI
[06-Dec-2025 15:06:52 Asia/Manila] Scan process - Barcode Data: 8996001414309, Scanner: SC001
[06-Dec-2025 15:06:52 Asia/Manila] Person found: {"StaffID":"8996001414309","StaffFName":"KOPI","StaffMName":"KOPI","StaffLName":"KOPI","Gender":"Female","BirthDate":"1992-12-06","Position":"BOXING","Department":"COED","isActive":"1","image":"uploads\/staff\/8996001414309_1765004029.jpg","created_at":"2025-12-06 14:53:49","updated_at":"2025-12-06 14:53:49","type":"staff"}
[06-Dec-2025 15:06:52 Asia/Manila] Logging entry for 8996001414309 (staff)
[06-Dec-2025 15:06:52 Asia/Manila] Entry recorded successfully for KOPI KOPI KOPI
[06-Dec-2025 15:08:04 Asia/Manila] Scan process - Barcode Data: 8996001414309, Scanner: SC001
[06-Dec-2025 15:08:04 Asia/Manila] Person found: {"StaffID":"8996001414309","StaffFName":"KOPI","StaffMName":"KOPI","StaffLName":"KOPI","Gender":"Female","BirthDate":"1992-12-06","Position":"BOXING","Department":"COED","isActive":"1","image":"uploads\/staff\/8996001414309_1765004029.jpg","created_at":"2025-12-06 14:53:49","updated_at":"2025-12-06 14:53:49","type":"staff"}
[06-Dec-2025 15:08:04 Asia/Manila] Logging entry for 8996001414309 (staff)
[06-Dec-2025 15:08:04 Asia/Manila] Entry recorded successfully for KOPI KOPI KOPI
[06-Dec-2025 15:08:09 Asia/Manila] Scan process - Barcode Data: 4800016022906, Scanner: SC001
[06-Dec-2025 15:08:09 Asia/Manila] Person found: {"StudentID":"4800016022906","StudentFName":"KAPE","StudentMName":"KAPE","StudentLName":"KAPE","Gender":"Male","BirthDate":"2001-02-14","Course":"BSIT","YearLvl":"2","Section":"B","Department":"COED","isActive":"1","IsEnroll":"1","image":"uploads\/students\/4800016022906_1765003819.jpeg","created_at":"2025-12-06 14:49:16","type":"student"}
[06-Dec-2025 15:08:09 Asia/Manila] Logging entry for 4800016022906 (student)
[06-Dec-2025 15:08:09 Asia/Manila] Entry recorded successfully for KAPE KAPE KAPE
[06-Dec-2025 15:08:12 Asia/Manila] Scan process - Barcode Data: 4800016022906, Scanner: SC001
[06-Dec-2025 15:08:12 Asia/Manila] Person found: {"StudentID":"4800016022906","StudentFName":"KAPE","StudentMName":"KAPE","StudentLName":"KAPE","Gender":"Male","BirthDate":"2001-02-14","Course":"BSIT","YearLvl":"2","Section":"B","Department":"COED","isActive":"1","IsEnroll":"1","image":"uploads\/students\/4800016022906_1765003819.jpeg","created_at":"2025-12-06 14:49:16","type":"student"}
[06-Dec-2025 15:08:12 Asia/Manila] Logging entry for 4800016022906 (student)
[06-Dec-2025 15:08:12 Asia/Manila] Entry recorded successfully for KAPE KAPE KAPE
[06-Dec-2025 15:08:14 Asia/Manila] Scan process - Barcode Data: 8996001414309, Scanner: SC001
[06-Dec-2025 15:08:14 Asia/Manila] Person found: {"StaffID":"8996001414309","StaffFName":"KOPI","StaffMName":"KOPI","StaffLName":"KOPI","Gender":"Female","BirthDate":"1992-12-06","Position":"BOXING","Department":"COED","isActive":"1","image":"uploads\/staff\/8996001414309_1765004029.jpg","created_at":"2025-12-06 14:53:49","updated_at":"2025-12-06 14:53:49","type":"staff"}
[06-Dec-2025 15:08:14 Asia/Manila] Logging entry for 8996001414309 (staff)
[06-Dec-2025 15:08:14 Asia/Manila] Entry recorded successfully for KOPI KOPI KOPI
[06-Dec-2025 15:08:16 Asia/Manila] Scan process - Barcode Data: 4800016022906, Scanner: SC001
[06-Dec-2025 15:08:16 Asia/Manila] Person found: {"StudentID":"4800016022906","StudentFName":"KAPE","StudentMName":"KAPE","StudentLName":"KAPE","Gender":"Male","BirthDate":"2001-02-14","Course":"BSIT","YearLvl":"2","Section":"B","Department":"COED","isActive":"1","IsEnroll":"1","image":"uploads\/students\/4800016022906_1765003819.jpeg","created_at":"2025-12-06 14:49:16","type":"student"}
[06-Dec-2025 15:08:16 Asia/Manila] Logging entry for 4800016022906 (student)
[06-Dec-2025 15:08:16 Asia/Manila] Entry recorded successfully for KAPE KAPE KAPE
[06-Dec-2025 15:08:17 Asia/Manila] Scan process - Barcode Data: 8996001414309, Scanner: SC001
[06-Dec-2025 15:08:17 Asia/Manila] Person found: {"StaffID":"8996001414309","StaffFName":"KOPI","StaffMName":"KOPI","StaffLName":"KOPI","Gender":"Female","BirthDate":"1992-12-06","Position":"BOXING","Department":"COED","isActive":"1","image":"uploads\/staff\/8996001414309_1765004029.jpg","created_at":"2025-12-06 14:53:49","updated_at":"2025-12-06 14:53:49","type":"staff"}
[06-Dec-2025 15:08:17 Asia/Manila] Logging entry for 8996001414309 (staff)
[06-Dec-2025 15:08:17 Asia/Manila] Entry recorded successfully for KOPI KOPI KOPI
[06-Dec-2025 15:08:18 Asia/Manila] Scan process - Barcode Data: 4800016022906, Scanner: SC001
[06-Dec-2025 15:08:18 Asia/Manila] Person found: {"StudentID":"4800016022906","StudentFName":"KAPE","StudentMName":"KAPE","StudentLName":"KAPE","Gender":"Male","BirthDate":"2001-02-14","Course":"BSIT","YearLvl":"2","Section":"B","Department":"COED","isActive":"1","IsEnroll":"1","image":"uploads\/students\/4800016022906_1765003819.jpeg","created_at":"2025-12-06 14:49:16","type":"student"}
[06-Dec-2025 15:08:18 Asia/Manila] Logging entry for 4800016022906 (student)
[06-Dec-2025 15:08:18 Asia/Manila] Entry recorded successfully for KAPE KAPE KAPE
[06-Dec-2025 15:08:19 Asia/Manila] Scan process - Barcode Data: 8996001414309, Scanner: SC001
[06-Dec-2025 15:08:19 Asia/Manila] Person found: {"StaffID":"8996001414309","StaffFName":"KOPI","StaffMName":"KOPI","StaffLName":"KOPI","Gender":"Female","BirthDate":"1992-12-06","Position":"BOXING","Department":"COED","isActive":"1","image":"uploads\/staff\/8996001414309_1765004029.jpg","created_at":"2025-12-06 14:53:49","updated_at":"2025-12-06 14:53:49","type":"staff"}
[06-Dec-2025 15:08:19 Asia/Manila] Logging entry for 8996001414309 (staff)
[06-Dec-2025 15:08:19 Asia/Manila] Entry recorded successfully for KOPI KOPI KOPI
[06-Dec-2025 15:08:20 Asia/Manila] Scan process - Barcode Data: 4800016022906, Scanner: SC001
[06-Dec-2025 15:08:20 Asia/Manila] Person found: {"StudentID":"4800016022906","StudentFName":"KAPE","StudentMName":"KAPE","StudentLName":"KAPE","Gender":"Male","BirthDate":"2001-02-14","Course":"BSIT","YearLvl":"2","Section":"B","Department":"COED","isActive":"1","IsEnroll":"1","image":"uploads\/students\/4800016022906_1765003819.jpeg","created_at":"2025-12-06 14:49:16","type":"student"}
[06-Dec-2025 15:08:20 Asia/Manila] Logging entry for 4800016022906 (student)
[06-Dec-2025 15:08:20 Asia/Manila] Entry recorded successfully for KAPE KAPE KAPE
[06-Dec-2025 15:08:23 Asia/Manila] Scan process - Barcode Data: 4800016022906, Scanner: SC001
[06-Dec-2025 15:08:23 Asia/Manila] Person found: {"StudentID":"4800016022906","StudentFName":"KAPE","StudentMName":"KAPE","StudentLName":"KAPE","Gender":"Male","BirthDate":"2001-02-14","Course":"BSIT","YearLvl":"2","Section":"B","Department":"COED","isActive":"1","IsEnroll":"1","image":"uploads\/students\/4800016022906_1765003819.jpeg","created_at":"2025-12-06 14:49:16","type":"student"}
[06-Dec-2025 15:08:23 Asia/Manila] Logging entry for 4800016022906 (student)
[06-Dec-2025 15:08:23 Asia/Manila] Entry recorded successfully for KAPE KAPE KAPE
[06-Dec-2025 15:08:24 Asia/Manila] Scan process - Barcode Data: 8996001414309, Scanner: SC001
[06-Dec-2025 15:08:24 Asia/Manila] Person found: {"StaffID":"8996001414309","StaffFName":"KOPI","StaffMName":"KOPI","StaffLName":"KOPI","Gender":"Female","BirthDate":"1992-12-06","Position":"BOXING","Department":"COED","isActive":"1","image":"uploads\/staff\/8996001414309_1765004029.jpg","created_at":"2025-12-06 14:53:49","updated_at":"2025-12-06 14:53:49","type":"staff"}
[06-Dec-2025 15:08:24 Asia/Manila] Logging entry for 8996001414309 (staff)
[06-Dec-2025 15:08:24 Asia/Manila] Entry recorded successfully for KOPI KOPI KOPI
[06-Dec-2025 15:08:48 Asia/Manila] Scan process - Barcode Data: 8996001414309, Scanner: SC001
[06-Dec-2025 15:08:48 Asia/Manila] Person found: {"StaffID":"8996001414309","StaffFName":"KOPI","StaffMName":"KOPI","StaffLName":"KOPI","Gender":"Female","BirthDate":"1992-12-06","Position":"BOXING","Department":"COED","isActive":"1","image":"uploads\/staff\/8996001414309_1765004029.jpg","created_at":"2025-12-06 14:53:49","updated_at":"2025-12-06 14:53:49","type":"staff"}
[06-Dec-2025 15:08:48 Asia/Manila] Logging entry for 8996001414309 (staff)
[06-Dec-2025 15:08:48 Asia/Manila] Entry recorded successfully for KOPI KOPI KOPI
[06-Dec-2025 15:08:52 Asia/Manila] Scan process - Barcode Data: 4800016022906, Scanner: SC001
[06-Dec-2025 15:08:52 Asia/Manila] Person found: {"StudentID":"4800016022906","StudentFName":"KAPE","StudentMName":"KAPE","StudentLName":"KAPE","Gender":"Male","BirthDate":"2001-02-14","Course":"BSIT","YearLvl":"2","Section":"B","Department":"COED","isActive":"1","IsEnroll":"1","image":"uploads\/students\/4800016022906_1765003819.jpeg","created_at":"2025-12-06 14:49:16","type":"student"}
[06-Dec-2025 15:08:52 Asia/Manila] Logging entry for 4800016022906 (student)
[06-Dec-2025 15:08:52 Asia/Manila] Entry recorded successfully for KAPE KAPE KAPE
[06-Dec-2025 15:08:54 Asia/Manila] Scan process - Barcode Data: 4800016022906, Scanner: SC001
[06-Dec-2025 15:08:54 Asia/Manila] Person found: {"StudentID":"4800016022906","StudentFName":"KAPE","StudentMName":"KAPE","StudentLName":"KAPE","Gender":"Male","BirthDate":"2001-02-14","Course":"BSIT","YearLvl":"2","Section":"B","Department":"COED","isActive":"1","IsEnroll":"1","image":"uploads\/students\/4800016022906_1765003819.jpeg","created_at":"2025-12-06 14:49:16","type":"student"}
[06-Dec-2025 15:08:54 Asia/Manila] Logging entry for 4800016022906 (student)
[06-Dec-2025 15:08:54 Asia/Manila] Entry recorded successfully for KAPE KAPE KAPE
[06-Dec-2025 15:08:57 Asia/Manila] Scan process - Barcode Data: 4800016022906, Scanner: SC001
[06-Dec-2025 15:08:57 Asia/Manila] Person found: {"StudentID":"4800016022906","StudentFName":"KAPE","StudentMName":"KAPE","StudentLName":"KAPE","Gender":"Male","BirthDate":"2001-02-14","Course":"BSIT","YearLvl":"2","Section":"B","Department":"COED","isActive":"1","IsEnroll":"1","image":"uploads\/students\/4800016022906_1765003819.jpeg","created_at":"2025-12-06 14:49:16","type":"student"}
[06-Dec-2025 15:08:57 Asia/Manila] Logging entry for 4800016022906 (student)
[06-Dec-2025 15:08:57 Asia/Manila] Entry recorded successfully for KAPE KAPE KAPE
[06-Dec-2025 15:09:01 Asia/Manila] Scan process - Barcode Data: 4800016022906, Scanner: SC001
[06-Dec-2025 15:09:01 Asia/Manila] Person found: {"StudentID":"4800016022906","StudentFName":"KAPE","StudentMName":"KAPE","StudentLName":"KAPE","Gender":"Male","BirthDate":"2001-02-14","Course":"BSIT","YearLvl":"2","Section":"B","Department":"COED","isActive":"1","IsEnroll":"1","image":"uploads\/students\/4800016022906_1765003819.jpeg","created_at":"2025-12-06 14:49:16","type":"student"}
[06-Dec-2025 15:09:01 Asia/Manila] Logging entry for 4800016022906 (student)
[06-Dec-2025 15:09:01 Asia/Manila] Entry recorded successfully for KAPE KAPE KAPE
[06-Dec-2025 15:09:02 Asia/Manila] Scan process - Barcode Data: 8996001414309, Scanner: SC001
[06-Dec-2025 15:09:02 Asia/Manila] Person found: {"StaffID":"8996001414309","StaffFName":"KOPI","StaffMName":"KOPI","StaffLName":"KOPI","Gender":"Female","BirthDate":"1992-12-06","Position":"BOXING","Department":"COED","isActive":"1","image":"uploads\/staff\/8996001414309_1765004029.jpg","created_at":"2025-12-06 14:53:49","updated_at":"2025-12-06 14:53:49","type":"staff"}
[06-Dec-2025 15:09:02 Asia/Manila] Logging entry for 8996001414309 (staff)
[06-Dec-2025 15:09:02 Asia/Manila] Entry recorded successfully for KOPI KOPI KOPI
[06-Dec-2025 15:09:04 Asia/Manila] Scan process - Barcode Data: 4800016022906, Scanner: SC001
[06-Dec-2025 15:09:04 Asia/Manila] Person found: {"StudentID":"4800016022906","StudentFName":"KAPE","StudentMName":"KAPE","StudentLName":"KAPE","Gender":"Male","BirthDate":"2001-02-14","Course":"BSIT","YearLvl":"2","Section":"B","Department":"COED","isActive":"1","IsEnroll":"1","image":"uploads\/students\/4800016022906_1765003819.jpeg","created_at":"2025-12-06 14:49:16","type":"student"}
[06-Dec-2025 15:09:04 Asia/Manila] Logging entry for 4800016022906 (student)
[06-Dec-2025 15:09:04 Asia/Manila] Entry recorded successfully for KAPE KAPE KAPE
[06-Dec-2025 15:09:12 Asia/Manila] Scan process - Barcode Data: 4800016022906, Scanner: SC001
[06-Dec-2025 15:09:12 Asia/Manila] Person found: {"StudentID":"4800016022906","StudentFName":"KAPE","StudentMName":"KAPE","StudentLName":"KAPE","Gender":"Male","BirthDate":"2001-02-14","Course":"BSIT","YearLvl":"2","Section":"B","Department":"COED","isActive":"1","IsEnroll":"1","image":"uploads\/students\/4800016022906_1765003819.jpeg","created_at":"2025-12-06 14:49:16","type":"student"}
[06-Dec-2025 15:09:12 Asia/Manila] Logging entry for 4800016022906 (student)
[06-Dec-2025 15:09:12 Asia/Manila] Entry recorded successfully for KAPE KAPE KAPE
[06-Dec-2025 15:09:14 Asia/Manila] Scan process - Barcode Data: 8996001414309, Scanner: SC001
[06-Dec-2025 15:09:14 Asia/Manila] Person found: {"StaffID":"8996001414309","StaffFName":"KOPI","StaffMName":"KOPI","StaffLName":"KOPI","Gender":"Female","BirthDate":"1992-12-06","Position":"BOXING","Department":"COED","isActive":"1","image":"uploads\/staff\/8996001414309_1765004029.jpg","created_at":"2025-12-06 14:53:49","updated_at":"2025-12-06 14:53:49","type":"staff"}
[06-Dec-2025 15:09:14 Asia/Manila] Logging entry for 8996001414309 (staff)
[06-Dec-2025 15:09:14 Asia/Manila] Entry recorded successfully for KOPI KOPI KOPI
[06-Dec-2025 15:09:16 Asia/Manila] Scan process - Barcode Data: 4800016022906, Scanner: SC001
[06-Dec-2025 15:09:16 Asia/Manila] Person found: {"StudentID":"4800016022906","StudentFName":"KAPE","StudentMName":"KAPE","StudentLName":"KAPE","Gender":"Male","BirthDate":"2001-02-14","Course":"BSIT","YearLvl":"2","Section":"B","Department":"COED","isActive":"1","IsEnroll":"1","image":"uploads\/students\/4800016022906_1765003819.jpeg","created_at":"2025-12-06 14:49:16","type":"student"}
[06-Dec-2025 15:09:16 Asia/Manila] Logging entry for 4800016022906 (student)
[06-Dec-2025 15:09:16 Asia/Manila] Entry recorded successfully for KAPE KAPE KAPE
[06-Dec-2025 15:09:18 Asia/Manila] Scan process - Barcode Data: 8996001414309, Scanner: SC001
[06-Dec-2025 15:09:18 Asia/Manila] Person found: {"StaffID":"8996001414309","StaffFName":"KOPI","StaffMName":"KOPI","StaffLName":"KOPI","Gender":"Female","BirthDate":"1992-12-06","Position":"BOXING","Department":"COED","isActive":"1","image":"uploads\/staff\/8996001414309_1765004029.jpg","created_at":"2025-12-06 14:53:49","updated_at":"2025-12-06 14:53:49","type":"staff"}
[06-Dec-2025 15:09:18 Asia/Manila] Logging entry for 8996001414309 (staff)
[06-Dec-2025 15:09:18 Asia/Manila] Entry recorded successfully for KOPI KOPI KOPI
[06-Dec-2025 15:09:20 Asia/Manila] Scan process - Barcode Data: 4800016022906, Scanner: SC001
[06-Dec-2025 15:09:20 Asia/Manila] Person found: {"StudentID":"4800016022906","StudentFName":"KAPE","StudentMName":"KAPE","StudentLName":"KAPE","Gender":"Male","BirthDate":"2001-02-14","Course":"BSIT","YearLvl":"2","Section":"B","Department":"COED","isActive":"1","IsEnroll":"1","image":"uploads\/students\/4800016022906_1765003819.jpeg","created_at":"2025-12-06 14:49:16","type":"student"}
[06-Dec-2025 15:09:20 Asia/Manila] Logging entry for 4800016022906 (student)
[06-Dec-2025 15:09:20 Asia/Manila] Entry recorded successfully for KAPE KAPE KAPE
[06-Dec-2025 15:09:22 Asia/Manila] Scan process - Barcode Data: 8996001414309, Scanner: SC001
[06-Dec-2025 15:09:22 Asia/Manila] Person found: {"StaffID":"8996001414309","StaffFName":"KOPI","StaffMName":"KOPI","StaffLName":"KOPI","Gender":"Female","BirthDate":"1992-12-06","Position":"BOXING","Department":"COED","isActive":"1","image":"uploads\/staff\/8996001414309_1765004029.jpg","created_at":"2025-12-06 14:53:49","updated_at":"2025-12-06 14:53:49","type":"staff"}
[06-Dec-2025 15:09:22 Asia/Manila] Logging entry for 8996001414309 (staff)
[06-Dec-2025 15:09:22 Asia/Manila] Entry recorded successfully for KOPI KOPI KOPI
[06-Dec-2025 15:09:26 Asia/Manila] Scan process - Barcode Data: 4800016022906, Scanner: SC001
[06-Dec-2025 15:09:26 Asia/Manila] Person found: {"StudentID":"4800016022906","StudentFName":"KAPE","StudentMName":"KAPE","StudentLName":"KAPE","Gender":"Male","BirthDate":"2001-02-14","Course":"BSIT","YearLvl":"2","Section":"B","Department":"COED","isActive":"1","IsEnroll":"1","image":"uploads\/students\/4800016022906_1765003819.jpeg","created_at":"2025-12-06 14:49:16","type":"student"}
[06-Dec-2025 15:09:26 Asia/Manila] Logging entry for 4800016022906 (student)
[06-Dec-2025 15:09:26 Asia/Manila] Entry recorded successfully for KAPE KAPE KAPE
[06-Dec-2025 15:09:28 Asia/Manila] Scan process - Barcode Data: 8996001414309, Scanner: SC001
[06-Dec-2025 15:09:28 Asia/Manila] Person found: {"StaffID":"8996001414309","StaffFName":"KOPI","StaffMName":"KOPI","StaffLName":"KOPI","Gender":"Female","BirthDate":"1992-12-06","Position":"BOXING","Department":"COED","isActive":"1","image":"uploads\/staff\/8996001414309_1765004029.jpg","created_at":"2025-12-06 14:53:49","updated_at":"2025-12-06 14:53:49","type":"staff"}
[06-Dec-2025 15:09:28 Asia/Manila] Logging entry for 8996001414309 (staff)
[06-Dec-2025 15:09:28 Asia/Manila] Entry recorded successfully for KOPI KOPI KOPI
[06-Dec-2025 15:09:29 Asia/Manila] Scan process - Barcode Data: 8996001414309, Scanner: SC001
[06-Dec-2025 15:09:29 Asia/Manila] Person found: {"StaffID":"8996001414309","StaffFName":"KOPI","StaffMName":"KOPI","StaffLName":"KOPI","Gender":"Female","BirthDate":"1992-12-06","Position":"BOXING","Department":"COED","isActive":"1","image":"uploads\/staff\/8996001414309_1765004029.jpg","created_at":"2025-12-06 14:53:49","updated_at":"2025-12-06 14:53:49","type":"staff"}
[06-Dec-2025 15:09:29 Asia/Manila] Logging entry for 8996001414309 (staff)
[06-Dec-2025 15:09:29 Asia/Manila] Entry recorded successfully for KOPI KOPI KOPI
[06-Dec-2025 15:09:33 Asia/Manila] Scan process - Barcode Data: 4800016022906, Scanner: SC001
[06-Dec-2025 15:09:33 Asia/Manila] Person found: {"StudentID":"4800016022906","StudentFName":"KAPE","StudentMName":"KAPE","StudentLName":"KAPE","Gender":"Male","BirthDate":"2001-02-14","Course":"BSIT","YearLvl":"2","Section":"B","Department":"COED","isActive":"1","IsEnroll":"1","image":"uploads\/students\/4800016022906_1765003819.jpeg","created_at":"2025-12-06 14:49:16","type":"student"}
[06-Dec-2025 15:09:33 Asia/Manila] Logging entry for 4800016022906 (student)
[06-Dec-2025 15:09:33 Asia/Manila] Entry recorded successfully for KAPE KAPE KAPE
[06-Dec-2025 15:09:35 Asia/Manila] Scan process - Barcode Data: 8996001414309, Scanner: SC001
[06-Dec-2025 15:09:35 Asia/Manila] Person found: {"StaffID":"8996001414309","StaffFName":"KOPI","StaffMName":"KOPI","StaffLName":"KOPI","Gender":"Female","BirthDate":"1992-12-06","Position":"BOXING","Department":"COED","isActive":"1","image":"uploads\/staff\/8996001414309_1765004029.jpg","created_at":"2025-12-06 14:53:49","updated_at":"2025-12-06 14:53:49","type":"staff"}
[06-Dec-2025 15:09:35 Asia/Manila] Logging entry for 8996001414309 (staff)
[06-Dec-2025 15:09:35 Asia/Manila] Entry recorded successfully for KOPI KOPI KOPI
[06-Dec-2025 15:09:38 Asia/Manila] Scan process - Barcode Data: 4800016022906, Scanner: SC001
[06-Dec-2025 15:09:38 Asia/Manila] Person found: {"StudentID":"4800016022906","StudentFName":"KAPE","StudentMName":"KAPE","StudentLName":"KAPE","Gender":"Male","BirthDate":"2001-02-14","Course":"BSIT","YearLvl":"2","Section":"B","Department":"COED","isActive":"1","IsEnroll":"1","image":"uploads\/students\/4800016022906_1765003819.jpeg","created_at":"2025-12-06 14:49:16","type":"student"}
[06-Dec-2025 15:09:38 Asia/Manila] Logging entry for 4800016022906 (student)
[06-Dec-2025 15:09:38 Asia/Manila] Entry recorded successfully for KAPE KAPE KAPE
[06-Dec-2025 15:09:45 Asia/Manila] Scan process - Barcode Data: 8996001414309, Scanner: SC001
[06-Dec-2025 15:09:45 Asia/Manila] Person found: {"StaffID":"8996001414309","StaffFName":"KOPI","StaffMName":"KOPI","StaffLName":"KOPI","Gender":"Female","BirthDate":"1992-12-06","Position":"BOXING","Department":"COED","isActive":"1","image":"uploads\/staff\/8996001414309_1765004029.jpg","created_at":"2025-12-06 14:53:49","updated_at":"2025-12-06 14:53:49","type":"staff"}
[06-Dec-2025 15:09:45 Asia/Manila] Logging entry for 8996001414309 (staff)
[06-Dec-2025 15:09:45 Asia/Manila] Entry recorded successfully for KOPI KOPI KOPI
[06-Dec-2025 15:09:48 Asia/Manila] Scan process - Barcode Data: 4800016022906, Scanner: SC001
[06-Dec-2025 15:09:48 Asia/Manila] Person found: {"StudentID":"4800016022906","StudentFName":"KAPE","StudentMName":"KAPE","StudentLName":"KAPE","Gender":"Male","BirthDate":"2001-02-14","Course":"BSIT","YearLvl":"2","Section":"B","Department":"COED","isActive":"1","IsEnroll":"1","image":"uploads\/students\/4800016022906_1765003819.jpeg","created_at":"2025-12-06 14:49:16","type":"student"}
[06-Dec-2025 15:09:48 Asia/Manila] Logging entry for 4800016022906 (student)
[06-Dec-2025 15:09:48 Asia/Manila] Entry recorded successfully for KAPE KAPE KAPE
[06-Dec-2025 15:10:15 Asia/Manila] Scan process - Barcode Data: 8996001414309, Scanner: SC001
[06-Dec-2025 15:10:15 Asia/Manila] Person found: {"StaffID":"8996001414309","StaffFName":"KOPI","StaffMName":"KOPI","StaffLName":"KOPI","Gender":"Female","BirthDate":"1992-12-06","Position":"BOXING","Department":"COED","isActive":"1","image":"uploads\/staff\/8996001414309_1765004029.jpg","created_at":"2025-12-06 14:53:49","updated_at":"2025-12-06 14:53:49","type":"staff"}
[06-Dec-2025 15:10:15 Asia/Manila] Logging entry for 8996001414309 (staff)
[06-Dec-2025 15:10:15 Asia/Manila] Entry recorded successfully for KOPI KOPI KOPI
[06-Dec-2025 15:10:21 Asia/Manila] Scan process - Barcode Data: 4800016022906, Scanner: SC001
[06-Dec-2025 15:10:21 Asia/Manila] Person found: {"StudentID":"4800016022906","StudentFName":"KAPE","StudentMName":"KAPE","StudentLName":"KAPE","Gender":"Male","BirthDate":"2001-02-14","Course":"BSIT","YearLvl":"2","Section":"B","Department":"COED","isActive":"1","IsEnroll":"1","image":"uploads\/students\/4800016022906_1765003819.jpeg","created_at":"2025-12-06 14:49:16","type":"student"}
[06-Dec-2025 15:10:21 Asia/Manila] Logging entry for 4800016022906 (student)
[06-Dec-2025 15:10:21 Asia/Manila] Entry recorded successfully for KAPE KAPE KAPE
[06-Dec-2025 15:10:21 Asia/Manila] Scan process - Barcode Data: 8996001414309, Scanner: SC001
[06-Dec-2025 15:10:21 Asia/Manila] Person found: {"StaffID":"8996001414309","StaffFName":"KOPI","StaffMName":"KOPI","StaffLName":"KOPI","Gender":"Female","BirthDate":"1992-12-06","Position":"BOXING","Department":"COED","isActive":"1","image":"uploads\/staff\/8996001414309_1765004029.jpg","created_at":"2025-12-06 14:53:49","updated_at":"2025-12-06 14:53:49","type":"staff"}
[06-Dec-2025 15:10:21 Asia/Manila] Logging entry for 8996001414309 (staff)
[06-Dec-2025 15:10:21 Asia/Manila] Entry recorded successfully for KOPI KOPI KOPI
[06-Dec-2025 15:10:22 Asia/Manila] Scan process - Barcode Data: 4800016022906, Scanner: SC001
[06-Dec-2025 15:10:22 Asia/Manila] Person found: {"StudentID":"4800016022906","StudentFName":"KAPE","StudentMName":"KAPE","StudentLName":"KAPE","Gender":"Male","BirthDate":"2001-02-14","Course":"BSIT","YearLvl":"2","Section":"B","Department":"COED","isActive":"1","IsEnroll":"1","image":"uploads\/students\/4800016022906_1765003819.jpeg","created_at":"2025-12-06 14:49:16","type":"student"}
[06-Dec-2025 15:10:22 Asia/Manila] Logging entry for 4800016022906 (student)
[06-Dec-2025 15:10:22 Asia/Manila] Entry recorded successfully for KAPE KAPE KAPE
[06-Dec-2025 15:10:23 Asia/Manila] Scan process - Barcode Data: 8996001414309, Scanner: SC001
[06-Dec-2025 15:10:23 Asia/Manila] Person found: {"StaffID":"8996001414309","StaffFName":"KOPI","StaffMName":"KOPI","StaffLName":"KOPI","Gender":"Female","BirthDate":"1992-12-06","Position":"BOXING","Department":"COED","isActive":"1","image":"uploads\/staff\/8996001414309_1765004029.jpg","created_at":"2025-12-06 14:53:49","updated_at":"2025-12-06 14:53:49","type":"staff"}
[06-Dec-2025 15:10:23 Asia/Manila] Logging entry for 8996001414309 (staff)
[06-Dec-2025 15:10:23 Asia/Manila] Entry recorded successfully for KOPI KOPI KOPI
[06-Dec-2025 15:10:23 Asia/Manila] Scan process - Barcode Data: 4800016022906, Scanner: SC001
[06-Dec-2025 15:10:23 Asia/Manila] Person found: {"StudentID":"4800016022906","StudentFName":"KAPE","StudentMName":"KAPE","StudentLName":"KAPE","Gender":"Male","BirthDate":"2001-02-14","Course":"BSIT","YearLvl":"2","Section":"B","Department":"COED","isActive":"1","IsEnroll":"1","image":"uploads\/students\/4800016022906_1765003819.jpeg","created_at":"2025-12-06 14:49:16","type":"student"}
[06-Dec-2025 15:10:23 Asia/Manila] Logging entry for 4800016022906 (student)
[06-Dec-2025 15:10:23 Asia/Manila] Entry recorded successfully for KAPE KAPE KAPE
[06-Dec-2025 15:10:25 Asia/Manila] Scan process - Barcode Data: 4800016022906, Scanner: SC001
[06-Dec-2025 15:10:25 Asia/Manila] Person found: {"StudentID":"4800016022906","StudentFName":"KAPE","StudentMName":"KAPE","StudentLName":"KAPE","Gender":"Male","BirthDate":"2001-02-14","Course":"BSIT","YearLvl":"2","Section":"B","Department":"COED","isActive":"1","IsEnroll":"1","image":"uploads\/students\/4800016022906_1765003819.jpeg","created_at":"2025-12-06 14:49:16","type":"student"}
[06-Dec-2025 15:10:25 Asia/Manila] Logging entry for 4800016022906 (student)
[06-Dec-2025 15:10:25 Asia/Manila] Entry recorded successfully for KAPE KAPE KAPE
[06-Dec-2025 15:10:25 Asia/Manila] Scan process - Barcode Data: 8996001414309, Scanner: SC001
[06-Dec-2025 15:10:25 Asia/Manila] Person found: {"StaffID":"8996001414309","StaffFName":"KOPI","StaffMName":"KOPI","StaffLName":"KOPI","Gender":"Female","BirthDate":"1992-12-06","Position":"BOXING","Department":"COED","isActive":"1","image":"uploads\/staff\/8996001414309_1765004029.jpg","created_at":"2025-12-06 14:53:49","updated_at":"2025-12-06 14:53:49","type":"staff"}
[06-Dec-2025 15:10:25 Asia/Manila] Logging entry for 8996001414309 (staff)
[06-Dec-2025 15:10:25 Asia/Manila] Entry recorded successfully for KOPI KOPI KOPI
[06-Dec-2025 15:10:27 Asia/Manila] Scan process - Barcode Data: 4800016022906, Scanner: SC001
[06-Dec-2025 15:10:27 Asia/Manila] Person found: {"StudentID":"4800016022906","StudentFName":"KAPE","StudentMName":"KAPE","StudentLName":"KAPE","Gender":"Male","BirthDate":"2001-02-14","Course":"BSIT","YearLvl":"2","Section":"B","Department":"COED","isActive":"1","IsEnroll":"1","image":"uploads\/students\/4800016022906_1765003819.jpeg","created_at":"2025-12-06 14:49:16","type":"student"}
[06-Dec-2025 15:10:27 Asia/Manila] Logging entry for 4800016022906 (student)
[06-Dec-2025 15:10:27 Asia/Manila] Entry recorded successfully for KAPE KAPE KAPE
[06-Dec-2025 15:10:27 Asia/Manila] Scan process - Barcode Data: 8996001414309, Scanner: SC001
[06-Dec-2025 15:10:27 Asia/Manila] Person found: {"StaffID":"8996001414309","StaffFName":"KOPI","StaffMName":"KOPI","StaffLName":"KOPI","Gender":"Female","BirthDate":"1992-12-06","Position":"BOXING","Department":"COED","isActive":"1","image":"uploads\/staff\/8996001414309_1765004029.jpg","created_at":"2025-12-06 14:53:49","updated_at":"2025-12-06 14:53:49","type":"staff"}
[06-Dec-2025 15:10:27 Asia/Manila] Logging entry for 8996001414309 (staff)
[06-Dec-2025 15:10:27 Asia/Manila] Entry recorded successfully for KOPI KOPI KOPI
[06-Dec-2025 15:10:29 Asia/Manila] Scan process - Barcode Data: 4800016022906, Scanner: SC001
[06-Dec-2025 15:10:29 Asia/Manila] Person found: {"StudentID":"4800016022906","StudentFName":"KAPE","StudentMName":"KAPE","StudentLName":"KAPE","Gender":"Male","BirthDate":"2001-02-14","Course":"BSIT","YearLvl":"2","Section":"B","Department":"COED","isActive":"1","IsEnroll":"1","image":"uploads\/students\/4800016022906_1765003819.jpeg","created_at":"2025-12-06 14:49:16","type":"student"}
[06-Dec-2025 15:10:29 Asia/Manila] Logging entry for 4800016022906 (student)
[06-Dec-2025 15:10:29 Asia/Manila] Entry recorded successfully for KAPE KAPE KAPE
[06-Dec-2025 15:10:30 Asia/Manila] Scan process - Barcode Data: 8996001414309, Scanner: SC001
[06-Dec-2025 15:10:30 Asia/Manila] Person found: {"StaffID":"8996001414309","StaffFName":"KOPI","StaffMName":"KOPI","StaffLName":"KOPI","Gender":"Female","BirthDate":"1992-12-06","Position":"BOXING","Department":"COED","isActive":"1","image":"uploads\/staff\/8996001414309_1765004029.jpg","created_at":"2025-12-06 14:53:49","updated_at":"2025-12-06 14:53:49","type":"staff"}
[06-Dec-2025 15:10:30 Asia/Manila] Logging entry for 8996001414309 (staff)
[06-Dec-2025 15:10:30 Asia/Manila] Entry recorded successfully for KOPI KOPI KOPI
[06-Dec-2025 15:10:30 Asia/Manila] Scan process - Barcode Data: 4800016022906, Scanner: SC001
[06-Dec-2025 15:10:30 Asia/Manila] Person found: {"StudentID":"4800016022906","StudentFName":"KAPE","StudentMName":"KAPE","StudentLName":"KAPE","Gender":"Male","BirthDate":"2001-02-14","Course":"BSIT","YearLvl":"2","Section":"B","Department":"COED","isActive":"1","IsEnroll":"1","image":"uploads\/students\/4800016022906_1765003819.jpeg","created_at":"2025-12-06 14:49:16","type":"student"}
[06-Dec-2025 15:10:31 Asia/Manila] Logging entry for 4800016022906 (student)
[06-Dec-2025 15:10:31 Asia/Manila] Entry recorded successfully for KAPE KAPE KAPE
[06-Dec-2025 15:10:31 Asia/Manila] Scan process - Barcode Data: 8996001414309, Scanner: SC001
[06-Dec-2025 15:10:31 Asia/Manila] Person found: {"StaffID":"8996001414309","StaffFName":"KOPI","StaffMName":"KOPI","StaffLName":"KOPI","Gender":"Female","BirthDate":"1992-12-06","Position":"BOXING","Department":"COED","isActive":"1","image":"uploads\/staff\/8996001414309_1765004029.jpg","created_at":"2025-12-06 14:53:49","updated_at":"2025-12-06 14:53:49","type":"staff"}
[06-Dec-2025 15:10:31 Asia/Manila] Logging entry for 8996001414309 (staff)
[06-Dec-2025 15:10:31 Asia/Manila] Entry recorded successfully for KOPI KOPI KOPI
[06-Dec-2025 15:10:33 Asia/Manila] Scan process - Barcode Data: 4800016022906, Scanner: SC001
[06-Dec-2025 15:10:33 Asia/Manila] Person found: {"StudentID":"4800016022906","StudentFName":"KAPE","StudentMName":"KAPE","StudentLName":"KAPE","Gender":"Male","BirthDate":"2001-02-14","Course":"BSIT","YearLvl":"2","Section":"B","Department":"COED","isActive":"1","IsEnroll":"1","image":"uploads\/students\/4800016022906_1765003819.jpeg","created_at":"2025-12-06 14:49:16","type":"student"}
[06-Dec-2025 15:10:33 Asia/Manila] Logging entry for 4800016022906 (student)
[06-Dec-2025 15:10:33 Asia/Manila] Entry recorded successfully for KAPE KAPE KAPE
[06-Dec-2025 15:10:34 Asia/Manila] Scan process - Barcode Data: 8996001414309, Scanner: SC001
[06-Dec-2025 15:10:34 Asia/Manila] Person found: {"StaffID":"8996001414309","StaffFName":"KOPI","StaffMName":"KOPI","StaffLName":"KOPI","Gender":"Female","BirthDate":"1992-12-06","Position":"BOXING","Department":"COED","isActive":"1","image":"uploads\/staff\/8996001414309_1765004029.jpg","created_at":"2025-12-06 14:53:49","updated_at":"2025-12-06 14:53:49","type":"staff"}
[06-Dec-2025 15:10:34 Asia/Manila] Logging entry for 8996001414309 (staff)
[06-Dec-2025 15:10:34 Asia/Manila] Entry recorded successfully for KOPI KOPI KOPI
[06-Dec-2025 15:10:35 Asia/Manila] Scan process - Barcode Data: 4800016022906, Scanner: SC001
[06-Dec-2025 15:10:35 Asia/Manila] Person found: {"StudentID":"4800016022906","StudentFName":"KAPE","StudentMName":"KAPE","StudentLName":"KAPE","Gender":"Male","BirthDate":"2001-02-14","Course":"BSIT","YearLvl":"2","Section":"B","Department":"COED","isActive":"1","IsEnroll":"1","image":"uploads\/students\/4800016022906_1765003819.jpeg","created_at":"2025-12-06 14:49:16","type":"student"}
[06-Dec-2025 15:10:35 Asia/Manila] Logging entry for 4800016022906 (student)
[06-Dec-2025 15:10:35 Asia/Manila] Entry recorded successfully for KAPE KAPE KAPE
[06-Dec-2025 15:10:35 Asia/Manila] Scan process - Barcode Data: 8996001414309, Scanner: SC001
[06-Dec-2025 15:10:35 Asia/Manila] Person found: {"StaffID":"8996001414309","StaffFName":"KOPI","StaffMName":"KOPI","StaffLName":"KOPI","Gender":"Female","BirthDate":"1992-12-06","Position":"BOXING","Department":"COED","isActive":"1","image":"uploads\/staff\/8996001414309_1765004029.jpg","created_at":"2025-12-06 14:53:49","updated_at":"2025-12-06 14:53:49","type":"staff"}
[06-Dec-2025 15:10:36 Asia/Manila] Logging entry for 8996001414309 (staff)
[06-Dec-2025 15:10:36 Asia/Manila] Entry recorded successfully for KOPI KOPI KOPI
[06-Dec-2025 15:10:37 Asia/Manila] Scan process - Barcode Data: 5590448208909179145, Scanner: SC001
[06-Dec-2025 15:10:37 Asia/Manila] Barcode not found or user inactive: 5590448208909179145
[06-Dec-2025 15:10:40 Asia/Manila] Scan process - Barcode Data: 5590448208909179145, Scanner: SC001
[06-Dec-2025 15:10:40 Asia/Manila] Barcode not found or user inactive: 5590448208909179145
[06-Dec-2025 15:10:42 Asia/Manila] Scan process - Barcode Data: 5590448208909179145, Scanner: SC001
[06-Dec-2025 15:10:42 Asia/Manila] Barcode not found or user inactive: 5590448208909179145
[06-Dec-2025 15:10:43 Asia/Manila] Scan process - Barcode Data: 4800016022906, Scanner: SC001
[06-Dec-2025 15:10:43 Asia/Manila] Person found: {"StudentID":"4800016022906","StudentFName":"KAPE","StudentMName":"KAPE","StudentLName":"KAPE","Gender":"Male","BirthDate":"2001-02-14","Course":"BSIT","YearLvl":"2","Section":"B","Department":"COED","isActive":"1","IsEnroll":"1","image":"uploads\/students\/4800016022906_1765003819.jpeg","created_at":"2025-12-06 14:49:16","type":"student"}
[06-Dec-2025 15:10:43 Asia/Manila] Logging entry for 4800016022906 (student)
[06-Dec-2025 15:10:43 Asia/Manila] Entry recorded successfully for KAPE KAPE KAPE
[06-Dec-2025 15:10:45 Asia/Manila] Scan process - Barcode Data: 5590448208909179145, Scanner: SC001
[06-Dec-2025 15:10:45 Asia/Manila] Barcode not found or user inactive: 5590448208909179145
[06-Dec-2025 15:10:47 Asia/Manila] Scan process - Barcode Data: 4800016022906, Scanner: SC001
[06-Dec-2025 15:10:47 Asia/Manila] Person found: {"StudentID":"4800016022906","StudentFName":"KAPE","StudentMName":"KAPE","StudentLName":"KAPE","Gender":"Male","BirthDate":"2001-02-14","Course":"BSIT","YearLvl":"2","Section":"B","Department":"COED","isActive":"1","IsEnroll":"1","image":"uploads\/students\/4800016022906_1765003819.jpeg","created_at":"2025-12-06 14:49:16","type":"student"}
[06-Dec-2025 15:10:47 Asia/Manila] Logging entry for 4800016022906 (student)
[06-Dec-2025 15:10:47 Asia/Manila] Entry recorded successfully for KAPE KAPE KAPE
[06-Dec-2025 15:10:48 Asia/Manila] Scan process - Barcode Data: 5590448208909179145, Scanner: SC001
[06-Dec-2025 15:10:48 Asia/Manila] Barcode not found or user inactive: 5590448208909179145
[06-Dec-2025 15:30:24 Asia/Manila] Scan process - Barcode Data: 4800016022906, Scanner: SC001
[06-Dec-2025 15:30:24 Asia/Manila] Person found: {"StudentID":"4800016022906","StudentFName":"KAPE","StudentMName":"KAPE","StudentLName":"KAPE","Gender":"Male","BirthDate":"2001-02-14","Course":"BSIT","YearLvl":"2","Section":"B","Department":"COED","isActive":"1","IsEnroll":"1","image":"uploads\/students\/4800016022906_1765003819.jpeg","created_at":"2025-12-06 14:49:16","type":"student"}
[06-Dec-2025 15:30:25 Asia/Manila] Logging entry for 4800016022906 (student)
[06-Dec-2025 15:30:25 Asia/Manila] Entry recorded successfully for KAPE KAPE KAPE
[06-Dec-2025 15:30:29 Asia/Manila] Scan process - Barcode Data: 4800016022906, Scanner: SC001
[06-Dec-2025 15:30:29 Asia/Manila] Person found: {"StudentID":"4800016022906","StudentFName":"KAPE","StudentMName":"KAPE","StudentLName":"KAPE","Gender":"Male","BirthDate":"2001-02-14","Course":"BSIT","YearLvl":"2","Section":"B","Department":"COED","isActive":"1","IsEnroll":"1","image":"uploads\/students\/4800016022906_1765003819.jpeg","created_at":"2025-12-06 14:49:16","type":"student"}
[06-Dec-2025 15:30:29 Asia/Manila] Logging entry for 4800016022906 (student)
[06-Dec-2025 15:30:29 Asia/Manila] Entry recorded successfully for KAPE KAPE KAPE
[06-Dec-2025 15:30:41 Asia/Manila] Scan process - Barcode Data: 4800016022906, Scanner: SC001
[06-Dec-2025 15:30:41 Asia/Manila] Person found: {"StudentID":"4800016022906","StudentFName":"KAPE","StudentMName":"KAPE","StudentLName":"KAPE","Gender":"Male","BirthDate":"2001-02-14","Course":"BSIT","YearLvl":"2","Section":"B","Department":"COED","isActive":"1","IsEnroll":"1","image":"uploads\/students\/4800016022906_1765003819.jpeg","created_at":"2025-12-06 14:49:16","type":"student"}
[06-Dec-2025 15:30:41 Asia/Manila] Logging entry for 4800016022906 (student)
[06-Dec-2025 15:30:41 Asia/Manila] Entry recorded successfully for KAPE KAPE KAPE
[06-Dec-2025 15:30:46 Asia/Manila] Scan process - Barcode Data: 4800016022906, Scanner: SC001
[06-Dec-2025 15:30:46 Asia/Manila] Person found: {"StudentID":"4800016022906","StudentFName":"KAPE","StudentMName":"KAPE","StudentLName":"KAPE","Gender":"Male","BirthDate":"2001-02-14","Course":"BSIT","YearLvl":"2","Section":"B","Department":"COED","isActive":"1","IsEnroll":"1","image":"uploads\/students\/4800016022906_1765003819.jpeg","created_at":"2025-12-06 14:49:16","type":"student"}
[06-Dec-2025 15:30:46 Asia/Manila] Logging entry for 4800016022906 (student)
[06-Dec-2025 15:30:46 Asia/Manila] Entry recorded successfully for KAPE KAPE KAPE
[06-Dec-2025 15:31:01 Asia/Manila] Scan process - Barcode Data: 4800016022906, Scanner: SC001
[06-Dec-2025 15:31:01 Asia/Manila] Person found: {"StudentID":"4800016022906","StudentFName":"KAPE","StudentMName":"KAPE","StudentLName":"KAPE","Gender":"Male","BirthDate":"2001-02-14","Course":"BSIT","YearLvl":"2","Section":"B","Department":"COED","isActive":"1","IsEnroll":"1","image":"uploads\/students\/4800016022906_1765003819.jpeg","created_at":"2025-12-06 14:49:16","type":"student"}
[06-Dec-2025 15:31:01 Asia/Manila] Logging entry for 4800016022906 (student)
[06-Dec-2025 15:31:01 Asia/Manila] Entry recorded successfully for KAPE KAPE KAPE
[06-Dec-2025 16:02:30 Asia/Manila] Scan process - Barcode Data: 8996001414309, Scanner: SC001
[06-Dec-2025 16:02:30 Asia/Manila] Person found: {"StaffID":"8996001414309","StaffFName":"KOPI","StaffMName":"KOPI","StaffLName":"KOPI","Gender":"Female","BirthDate":"1992-12-06","Position":"BOXING","Department":"COED","isActive":"1","image":"uploads\/staff\/8996001414309_1765004029.jpg","created_at":"2025-12-06 14:53:49","updated_at":"2025-12-06 14:53:49","type":"staff"}
[06-Dec-2025 16:02:30 Asia/Manila] Logging entry for 8996001414309 (staff)
[06-Dec-2025 16:02:30 Asia/Manila] Entry recorded successfully for KOPI KOPI KOPI
[06-Dec-2025 16:02:32 Asia/Manila] Scan process - Barcode Data: 8996001414309, Scanner: SC001
[06-Dec-2025 16:02:32 Asia/Manila] Person found: {"StaffID":"8996001414309","StaffFName":"KOPI","StaffMName":"KOPI","StaffLName":"KOPI","Gender":"Female","BirthDate":"1992-12-06","Position":"BOXING","Department":"COED","isActive":"1","image":"uploads\/staff\/8996001414309_1765004029.jpg","created_at":"2025-12-06 14:53:49","updated_at":"2025-12-06 14:53:49","type":"staff"}
[06-Dec-2025 16:02:32 Asia/Manila] Logging entry for 8996001414309 (staff)
[06-Dec-2025 16:02:32 Asia/Manila] Entry recorded successfully for KOPI KOPI KOPI
[06-Dec-2025 16:02:33 Asia/Manila] Scan process - Barcode Data: 8996001414309, Scanner: SC001
[06-Dec-2025 16:02:33 Asia/Manila] Person found: {"StaffID":"8996001414309","StaffFName":"KOPI","StaffMName":"KOPI","StaffLName":"KOPI","Gender":"Female","BirthDate":"1992-12-06","Position":"BOXING","Department":"COED","isActive":"1","image":"uploads\/staff\/8996001414309_1765004029.jpg","created_at":"2025-12-06 14:53:49","updated_at":"2025-12-06 14:53:49","type":"staff"}
[06-Dec-2025 16:02:33 Asia/Manila] Logging entry for 8996001414309 (staff)
[06-Dec-2025 16:02:33 Asia/Manila] Entry recorded successfully for KOPI KOPI KOPI
[06-Dec-2025 16:42:00 Asia/Manila] Scan process - Barcode Data: 4800016022906, Scanner: SC001
[06-Dec-2025 16:42:00 Asia/Manila] Person found: {"StudentID":"4800016022906","StudentFName":"KAPE","StudentMName":"KAPE","StudentLName":"KAPE","Gender":"Male","BirthDate":"2001-02-14","Course":"BSIT","YearLvl":"2","Section":"B","Department":"COED","isActive":"1","IsEnroll":"1","image":"uploads\/students\/4800016022906_1765003819.jpeg","created_at":"2025-12-06 14:49:16","type":"student"}
[06-Dec-2025 16:42:00 Asia/Manila] Logging entry for 4800016022906 (student)
[06-Dec-2025 16:42:00 Asia/Manila] Entry recorded successfully for KAPE KAPE KAPE
[06-Dec-2025 16:42:08 Asia/Manila] Scan process - Barcode Data: 4800016022906, Scanner: SC001
[06-Dec-2025 16:42:08 Asia/Manila] Person found: {"StudentID":"4800016022906","StudentFName":"KAPE","StudentMName":"KAPE","StudentLName":"KAPE","Gender":"Male","BirthDate":"2001-02-14","Course":"BSIT","YearLvl":"2","Section":"B","Department":"COED","isActive":"1","IsEnroll":"1","image":"uploads\/students\/4800016022906_1765003819.jpeg","created_at":"2025-12-06 14:49:16","type":"student"}
[06-Dec-2025 16:42:08 Asia/Manila] Logging entry for 4800016022906 (student)
[06-Dec-2025 16:42:08 Asia/Manila] Entry recorded successfully for KAPE KAPE KAPE
[06-Dec-2025 16:42:15 Asia/Manila] Scan process - Barcode Data: 8996001414309, Scanner: SC001
[06-Dec-2025 16:42:15 Asia/Manila] Person found: {"StaffID":"8996001414309","StaffFName":"KOPI","StaffMName":"KOPI","StaffLName":"KOPI","Gender":"Female","BirthDate":"1992-12-06","Position":"BOXING","Department":"COED","isActive":"1","image":"uploads\/staff\/8996001414309_1765004029.jpg","created_at":"2025-12-06 14:53:49","updated_at":"2025-12-06 14:53:49","type":"staff"}
[06-Dec-2025 16:42:15 Asia/Manila] Logging entry for 8996001414309 (staff)
[06-Dec-2025 16:42:15 Asia/Manila] Entry recorded successfully for KOPI KOPI KOPI
[06-Dec-2025 16:42:18 Asia/Manila] Scan process - Barcode Data: 8996001414309, Scanner: SC001
[06-Dec-2025 16:42:18 Asia/Manila] Person found: {"StaffID":"8996001414309","StaffFName":"KOPI","StaffMName":"KOPI","StaffLName":"KOPI","Gender":"Female","BirthDate":"1992-12-06","Position":"BOXING","Department":"COED","isActive":"1","image":"uploads\/staff\/8996001414309_1765004029.jpg","created_at":"2025-12-06 14:53:49","updated_at":"2025-12-06 14:53:49","type":"staff"}
[06-Dec-2025 16:42:18 Asia/Manila] Logging entry for 8996001414309 (staff)
[06-Dec-2025 16:42:18 Asia/Manila] Entry recorded successfully for KOPI KOPI KOPI
[06-Dec-2025 16:42:21 Asia/Manila] Scan process - Barcode Data: 4800016022906, Scanner: SC001
[06-Dec-2025 16:42:21 Asia/Manila] Person found: {"StudentID":"4800016022906","StudentFName":"KAPE","StudentMName":"KAPE","StudentLName":"KAPE","Gender":"Male","BirthDate":"2001-02-14","Course":"BSIT","YearLvl":"2","Section":"B","Department":"COED","isActive":"1","IsEnroll":"1","image":"uploads\/students\/4800016022906_1765003819.jpeg","created_at":"2025-12-06 14:49:16","type":"student"}
[06-Dec-2025 16:42:21 Asia/Manila] Logging entry for 4800016022906 (student)
[06-Dec-2025 16:42:21 Asia/Manila] Entry recorded successfully for KAPE KAPE KAPE
[06-Dec-2025 16:42:26 Asia/Manila] Scan process - Barcode Data: S/N:B2DO2402507635, Scanner: SC001
[06-Dec-2025 16:42:26 Asia/Manila] Barcode not found or user inactive: S/N:B2DO2402507635
[06-Dec-2025 16:43:00 Asia/Manila] Scan process - Barcode Data: 8996001414309, Scanner: SC001
[06-Dec-2025 16:43:00 Asia/Manila] Person found: {"StaffID":"8996001414309","StaffFName":"KOPI","StaffMName":"KOPI","StaffLName":"KOPI","Gender":"Female","BirthDate":"1992-12-06","Position":"BOXING","Department":"COED","isActive":"1","image":"uploads\/staff\/8996001414309_1765004029.jpg","created_at":"2025-12-06 14:53:49","updated_at":"2025-12-06 14:53:49","type":"staff"}
[06-Dec-2025 16:43:00 Asia/Manila] Logging entry for 8996001414309 (staff)
[06-Dec-2025 16:43:00 Asia/Manila] Entry recorded successfully for KOPI KOPI KOPI
[06-Dec-2025 16:43:03 Asia/Manila] Scan process - Barcode Data: 8996001414309, Scanner: SC001
[06-Dec-2025 16:43:03 Asia/Manila] Person found: {"StaffID":"8996001414309","StaffFName":"KOPI","StaffMName":"KOPI","StaffLName":"KOPI","Gender":"Female","BirthDate":"1992-12-06","Position":"BOXING","Department":"COED","isActive":"1","image":"uploads\/staff\/8996001414309_1765004029.jpg","created_at":"2025-12-06 14:53:49","updated_at":"2025-12-06 14:53:49","type":"staff"}
[06-Dec-2025 16:43:03 Asia/Manila] Logging entry for 8996001414309 (staff)
[06-Dec-2025 16:43:03 Asia/Manila] Entry recorded successfully for KOPI KOPI KOPI
[06-Dec-2025 16:43:09 Asia/Manila] Scan process - Barcode Data: 4800016022906, Scanner: SC001
[06-Dec-2025 16:43:09 Asia/Manila] Person found: {"StudentID":"4800016022906","StudentFName":"KAPE","StudentMName":"KAPE","StudentLName":"KAPE","Gender":"Male","BirthDate":"2001-02-14","Course":"BSIT","YearLvl":"2","Section":"B","Department":"COED","isActive":"1","IsEnroll":"1","image":"uploads\/students\/4800016022906_1765003819.jpeg","created_at":"2025-12-06 14:49:16","type":"student"}
[06-Dec-2025 16:43:09 Asia/Manila] Logging entry for 4800016022906 (student)
[06-Dec-2025 16:43:09 Asia/Manila] Entry recorded successfully for KAPE KAPE KAPE
[06-Dec-2025 16:58:16 Asia/Manila] Scan process - Barcode Data: 4800016022906, Scanner: SC001
[06-Dec-2025 16:58:16 Asia/Manila] Person found: {"FacultyID":"4800016022906","FacultyFName":"Secret","FacultyMName":"S.","FacultyLName":"Secret","Gender":"Female","Birthdate":"2025-12-06","Department":"COTE","isActive":"1","image":"uploads\/faculty\/4800016022906_1765011461.jpg","created_at":"2025-12-06 16:57:12","type":"faculty"}
[06-Dec-2025 16:58:16 Asia/Manila] Logging entry for 4800016022906 (faculty)
[06-Dec-2025 16:58:16 Asia/Manila] Entry recorded successfully for Secret S. Secret
[06-Dec-2025 16:58:20 Asia/Manila] Scan process - Barcode Data: 4800016022906, Scanner: SC001
[06-Dec-2025 16:58:20 Asia/Manila] Person found: {"FacultyID":"4800016022906","FacultyFName":"Secret","FacultyMName":"S.","FacultyLName":"Secret","Gender":"Female","Birthdate":"2025-12-06","Department":"COTE","isActive":"1","image":"uploads\/faculty\/4800016022906_1765011461.jpg","created_at":"2025-12-06 16:57:12","type":"faculty"}
[06-Dec-2025 16:58:20 Asia/Manila] Logging entry for 4800016022906 (faculty)
[06-Dec-2025 16:58:20 Asia/Manila] Entry recorded successfully for Secret S. Secret
[06-Dec-2025 16:58:55 Asia/Manila] Scan process - Barcode Data: 4800016022906, Scanner: SC001
[06-Dec-2025 16:58:55 Asia/Manila] Person found: {"FacultyID":"4800016022906","FacultyFName":"Secret","FacultyMName":"S.","FacultyLName":"Secret","Gender":"Female","Birthdate":"2025-12-06","Department":"COTE","isActive":"1","image":"uploads\/faculty\/4800016022906_1765011461.jpg","created_at":"2025-12-06 16:57:12","type":"faculty"}
[06-Dec-2025 16:58:55 Asia/Manila] Logging entry for 4800016022906 (faculty)
[06-Dec-2025 16:58:55 Asia/Manila] Entry recorded successfully for Secret S. Secret
[06-Dec-2025 16:58:58 Asia/Manila] Scan process - Barcode Data: 4800016022906, Scanner: SC001
[06-Dec-2025 16:58:58 Asia/Manila] Person found: {"FacultyID":"4800016022906","FacultyFName":"Secret","FacultyMName":"S.","FacultyLName":"Secret","Gender":"Female","Birthdate":"2025-12-06","Department":"COTE","isActive":"1","image":"uploads\/faculty\/4800016022906_1765011461.jpg","created_at":"2025-12-06 16:57:12","type":"faculty"}
[06-Dec-2025 16:58:58 Asia/Manila] Logging entry for 4800016022906 (faculty)
[06-Dec-2025 16:58:58 Asia/Manila] Entry recorded successfully for Secret S. Secret
[06-Dec-2025 16:59:04 Asia/Manila] Scan process - Barcode Data: 4800016022906, Scanner: SC001
[06-Dec-2025 16:59:04 Asia/Manila] Person found: {"FacultyID":"4800016022906","FacultyFName":"Secret","FacultyMName":"S.","FacultyLName":"Secret","Gender":"Female","Birthdate":"2025-12-06","Department":"COTE","isActive":"1","image":"uploads\/faculty\/4800016022906_1765011461.jpg","created_at":"2025-12-06 16:57:12","type":"faculty"}
[06-Dec-2025 16:59:04 Asia/Manila] Logging entry for 4800016022906 (faculty)
[06-Dec-2025 16:59:04 Asia/Manila] Entry recorded successfully for Secret S. Secret
[06-Dec-2025 17:05:06 Asia/Manila] Scan process - Barcode Data: 5590448208909179145, Scanner: SC001
[06-Dec-2025 17:05:06 Asia/Manila] Barcode not found or user inactive: 5590448208909179145
[06-Dec-2025 17:05:18 Asia/Manila] Scan process - Barcode Data: 5590448208909179145, Scanner: SC001
[06-Dec-2025 17:05:18 Asia/Manila] Barcode not found or user inactive: 5590448208909179145
[06-Dec-2025 17:05:25 Asia/Manila] Scan process - Barcode Data: 4800016022906, Scanner: SC001
[06-Dec-2025 17:05:25 Asia/Manila] Person found: {"FacultyID":"4800016022906","FacultyFName":"Secret","FacultyMName":"S.","FacultyLName":"Secret","Gender":"Female","Birthdate":"2025-12-06","Department":"COTE","isActive":"1","image":"uploads\/faculty\/4800016022906_1765011461.jpg","created_at":"2025-12-06 16:57:12","type":"faculty"}
[06-Dec-2025 17:05:25 Asia/Manila] Logging entry for 4800016022906 (faculty)
[06-Dec-2025 17:05:25 Asia/Manila] Entry recorded successfully for Secret S. Secret
[06-Dec-2025 17:05:29 Asia/Manila] Scan process - Barcode Data: 4800016022906, Scanner: SC001
[06-Dec-2025 17:05:29 Asia/Manila] Person found: {"FacultyID":"4800016022906","FacultyFName":"Secret","FacultyMName":"S.","FacultyLName":"Secret","Gender":"Female","Birthdate":"2025-12-06","Department":"COTE","isActive":"1","image":"uploads\/faculty\/4800016022906_1765011461.jpg","created_at":"2025-12-06 16:57:12","type":"faculty"}
[06-Dec-2025 17:05:29 Asia/Manila] Logging entry for 4800016022906 (faculty)
[06-Dec-2025 17:05:29 Asia/Manila] Entry recorded successfully for Secret S. Secret
[06-Dec-2025 18:56:33 Asia/Manila] Scan process - Barcode Data: 8996001414309, Scanner: SC001
[06-Dec-2025 18:56:33 Asia/Manila] Person found: {"StaffID":"8996001414309","StaffFName":"KOPI","StaffMName":"KOPI","StaffLName":"KOPI","Gender":"Female","BirthDate":"1992-12-06","Position":"BOXING","Department":"COED","isActive":"1","image":"uploads\/staff\/8996001414309_1765004029.jpg","created_at":"2025-12-06 14:53:49","updated_at":"2025-12-06 14:53:49","type":"staff"}
[06-Dec-2025 18:56:33 Asia/Manila] Logging entry for 8996001414309 (staff)
[06-Dec-2025 18:56:33 Asia/Manila] Entry recorded successfully for KOPI KOPI KOPI
[06-Dec-2025 18:58:05 Asia/Manila] Scan process - Barcode Data: 4800016022906, Scanner: SC001
[06-Dec-2025 18:58:05 Asia/Manila] Person found: {"FacultyID":"4800016022906","FacultyFName":"Secret","FacultyMName":"S.","FacultyLName":"Secret","Gender":"Female","Birthdate":"2025-12-06","Department":"COTE","isActive":"1","image":"uploads\/faculty\/4800016022906_1765011461.jpg","created_at":"2025-12-06 16:57:12","type":"faculty"}
[06-Dec-2025 18:58:05 Asia/Manila] Logging entry for 4800016022906 (faculty)
[06-Dec-2025 18:58:05 Asia/Manila] Entry recorded successfully for Secret S. Secret
[07-Dec-2025 22:38:51 Asia/Manila] Scan process - Barcode Data: 8221183, Scanner: SC001
[07-Dec-2025 22:38:51 Asia/Manila] Person found: {"StudentID":"8221183","StudentFName":"Deonan Leo","StudentMName":"D.","StudentLName":"Baslan","Gender":"Male","BirthDate":"2002-10-11","Course":"BSIT","YearLvl":"4","Section":"B","Department":"COTE","isActive":"1","IsEnroll":"0","image":"uploads\/students\/8221183_1765008594.jpg","created_at":"2025-11-15 00:04:51","type":"student"}
[07-Dec-2025 22:38:51 Asia/Manila] Student not enrolled: 8221183
[07-Dec-2025 23:05:26 Asia/Manila] Scan process - Barcode Data: hahaha, Scanner: SC001
[07-Dec-2025 23:05:26 Asia/Manila] Barcode not found or user inactive: hahaha
[07-Dec-2025 23:05:34 Asia/Manila] Scan process - Barcode Data: 8221183, Scanner: SC001
[07-Dec-2025 23:05:34 Asia/Manila] Person found: {"StudentID":"8221183","StudentFName":"Deonan Leo","StudentMName":"D.","StudentLName":"Baslan","Gender":"Male","BirthDate":"2002-10-11","Course":"BSIT","YearLvl":"4","Section":"B","Department":"COTE","isActive":"1","IsEnroll":"1","image":"uploads\/students\/8221183_1765008594.jpg","created_at":"2025-11-15 00:04:51","type":"student"}
[07-Dec-2025 23:05:34 Asia/Manila] Logging entry for 8221183 (student)
[07-Dec-2025 23:05:34 Asia/Manila] Entry recorded successfully for Deonan Leo D. Baslan
